This is TeX, Version 3.14159 (Web2C 7.3.1) (format=latex 2002.8.29)  2 SEP 2004 23:57
**Berg.tex
(Berg.tex
LaTeX2e <2000/06/01>
Babel <v3.7h> and hyphenation patterns for american, french, german, ngerman, i
talian, nohyphenation, loaded.
(entcs.cls
Document Class: entcs 1994/01/12, 2e-1.15: Elsevier Preprint
(/usr/share/texmf/tex/latex/base/newlfont.sty
Package: newlfont 1998/08/17 v2.2m Standard LaTeX package
LaTeX Info: Redefining \em on input line 62.

(/usr/share/texmf/tex/latex/base/latexsym.sty
Package: latexsym 1998/08/17 v2.2e Standard LaTeX package (lasy symbols)
\symlasy=\mathgroup4
LaTeX Font Info:    Overwriting symbol font `lasy' in version `bold'
(Font)                  U/lasy/m/n --> U/lasy/b/n on input line 42.
))
(/usr/share/texmf/tex/latex/amsfonts/amssymb.sty
Package: amssymb 1996/11/03 v2.2b

(/usr/share/texmf/tex/latex/amsfonts/amsfonts.sty
Package: amsfonts 1997/09/17 v2.2e
\@emptytoks=\toks14
\symAMSa=\mathgroup5
\symAMSb=\mathgroup6
LaTeX Font Info:    Overwriting math alphabet `\mathfrak' in version `bold'
(Font)                  U/euf/m/n --> U/euf/b/n on input line 133.
)) (ifpdf.sty
Package: ifpdf 2001/06/14 v1.0 Providing \ifpdf (HO)
Package ifpdf Info: pdfTeX in pdf mode not detected on input line 140.
) (hyperref.sty
Package: hyperref 2003/01/22 v6.73n Hypertext links for LaTeX

(/usr/share/texmf/tex/latex/graphics/keyval.sty
Package: keyval 1999/03/16 v1.13 key=value parser (DPC)
\KV@toks@=\toks15
)
\@linkdim=\dimen102
\Hy@linkcounter=\count79
\Hy@pagecounter=\count80
 (pd1enc.def
File: pd1enc.def 2003/01/22 v6.73n Hyperref: PDFDocEncoding definition (HO)
)
Package hyperref Info: Option `raiselinks' set `false' on input line 1744.
Package hyperref Info: Option `colorlinks' set `true' on input line 1744.
Package hyperref Info: Option `bookmarksopen' set `true' on input line 1744.
Package hyperref Info: Hyper figures OFF on input line 1792.
Package hyperref Info: Link nesting OFF on input line 1797.
Package hyperref Info: Hyper index ON on input line 1800.
Package hyperref Info: Plain pages ON on input line 1805.
Package hyperref Info: Backreferencing OFF on input line 1812.

Implicit mode ON; LaTeX internals redefined
Package hyperref Info: Bookmarks ON on input line 1916.
(/usr/share/texmf/tex/latex/html/url.sty
Package: url 1999/03/02  ver 1.4  Verb mode for urls, email addresses, and file
 names
)
LaTeX Info: Redefining \url on input line 2055.
\Fld@menulength=\count81
\Field@Width=\dimen103
\Fld@charsize=\dimen104
\Choice@toks=\toks16
\Field@toks=\toks17
Package hyperref Info: Hyper figures OFF on input line 2513.
Package hyperref Info: Link nesting OFF on input line 2518.
Package hyperref Info: Hyper index ON on input line 2521.
Package hyperref Info: backreferencing OFF on input line 2528.
Package hyperref Info: Link coloring ON on input line 2531.
\c@Item=\count82
\c@Hfootnote=\count83
)
*hyperref using driver hdvips*
(hdvips.def
File: hdvips.def 2003/01/22 v6.73n Hyperref driver for dvips
 (pdfmark.def
File: pdfmark.def 2003/01/22 v6.73n Hyperref definitions for pdfmark specials
\pdf@docset=\toks18
\pdf@box=\box26
\pdf@toks=\toks19
\pdf@defaulttoks=\toks20
\Fld@listcount=\count84
\@outlinefile=\write3
)) (/usr/share/texmf/tex/latex/base/leqno.clo
File: leqno.clo 1998/08/17 v1.1c Standard LaTeX option (left equation numbers)
)
LaTeX Info: Redefining \rm on input line 75.
LaTeX Info: Redefining \cal on input line 76.
LaTeX Info: Redefining \sf on input line 77.
LaTeX Info: Redefining \tt on input line 78.
LaTeX Info: Redefining \bf on input line 79.
LaTeX Info: Redefining \it on input line 80.
LaTeX Info: Redefining \sl on input line 81.
LaTeX Info: Redefining \sc on input line 82.
\@bls=\dimen105
\eqntopsep=\skip41
\eqnarraycolsep=\dimen106
\labelwidthi=\dimen107
\labelwidthii=\dimen108
\labelwidthiii=\dimen109
\labelwidthiv=\dimen110
\@maxlistdepth=\count85
\eqnbaselineskip=\skip42
\eqnlineskip=\skip43
\mathindent=\dimen111
\c@part=\count86
\c@section=\count87
\c@subsection=\count88
\c@subsubsection=\count89
\c@paragraph=\count90
\c@subparagraph=\count91
\c@thm=\count92
\c@alg=\count93
\c@algorithm=\count94
\c@note=\count95
\c@summ=\count96
\c@case=\count97
\@tempcntc=\count98
\c@figure=\count99
\c@table=\count100
\t@glob@notes=\toks21
\t@loc@notes=\toks22
\note@cnt=\count101
\c@author=\count102
\n@author=\count103
\c@collab=\count104
\n@collab=\count105
\c@address=\count106
\sv@mathsurround=\dimen112
\sv@hyphenpenalty=\count107
\prev@elem=\count108
\cur@elem=\count109
\fm@box=\box27
\fm@size=\dimen113
\t@abstract=\box28
\t@keyword=\box29
\t@xtheight=\dimen114
\@logoheight=\dimen115
\@pubyear=\count110
\@copyear=\count111
\slashbox=\box30
LaTeX Font Info:    Try loading font information for U+lasy on input line 1123.


(/usr/share/texmf/tex/latex/base/ulasy.fd
File: ulasy.fd 1998/08/17 v2.2eLaTeX symbol font definitions
)
LaTeX Font Info:    Try loading font information for U+msa on input line 1123.

(/usr/share/texmf/tex/latex/amsfonts/umsa.fd
File: umsa.fd 1995/01/05 v2.2e AMS font definitions
)
LaTeX Font Info:    Try loading font information for U+msb on input line 1123.

(/usr/share/texmf/tex/latex/amsfonts/umsb.fd
File: umsb.fd 1995/01/05 v2.2e AMS font definitions
)
\Slashbox=\box31
) (entcsmacro.sty) (gastex.sty
Package: gastex 2000/05/21 v2.1

(/usr/share/texmf/tex/latex/tools/calc.sty
Package: calc 1998/07/07 v4.1b Infix arithmetic (KKT,FJ)
\calc@Acount=\count112
\calc@Bcount=\count113
\calc@Adimen=\dimen116
\calc@Bdimen=\dimen117
\calc@Askip=\skip44
\calc@Bskip=\skip45
LaTeX Info: Redefining \setlength on input line 59.
LaTeX Info: Redefining \addtolength on input line 60.
\calc@denominator=\count114
)
(/usr/share/texmf/tex/latex/graphics/trig.sty
Package: trig 1999/03/16 v1.09 sin cos tan (DPC)
)
\c@cnt@a=\count115
\c@cnt@b=\count116
\c@cnt@c=\count117
\dim@x=\dimen118
\dim@y=\dimen119
\temp@box=\box32
\d@my@unit=\dimen120
\c@cnt@@a=\count118
\c@cnt@@b=\count119
\c@cnt@@c=\count120
)
(/usr/share/texmf/tex/latex/graphics/epsfig.sty
Package: epsfig 1999/02/16 v1.7a (e)psfig emulation (SPQR)

(/usr/share/texmf/tex/latex/graphics/graphicx.sty
Package: graphicx 1999/02/16 v1.0f Enhanced LaTeX Graphics (DPC,SPQR)

(/usr/share/texmf/tex/latex/graphics/graphics.sty
Package: graphics 1999/02/16 v1.0l Standard LaTeX Graphics (DPC,SPQR)

(/usr/share/texmf/tex/latex/config/graphics.cfg)
Package graphics Info: Driver file: dvips.def on input line 80.

(/usr/share/texmf/tex/latex/graphics/dvips.def
File: dvips.def 1999/02/16 v3.0i Driver-dependant file (DPC,SPQR)
))
\Gin@req@height=\dimen121
\Gin@req@width=\dimen122
)
\epsfxsize=\dimen123
\epsfysize=\dimen124
)
(/usr/share/texmf/tex/latex/tools/xspace.sty
Package: xspace 1997/10/13 v1.06 Space after command names (DPC)
) (martinmakros_entcs.sty
(/usr/share/texmf/tex/latex/tools/theorem.sty
Package: theorem 1995/11/23 v2.2c Theorem extension package (FMi)
\theorem@style=\toks23
\theorem@bodyfont=\toks24
\theorempreskipamount=\skip46
\theorempostskipamount=\skip47

(/usr/share/texmf/tex/latex/tools/thp.sty
File: thp.sty 1995/11/23 v2.2c Theorem extension package (FMi)
))
\c@fig=\count121

(/usr/share/texmf/tex/latex/tools/thb.sty
File: thb.sty 1995/11/23 v2.2c Theorem extension package (FMi)
)
\c@satz=\count122
\c@bew=\count123
\c@martin=\count124
) (local_macros_entcs.tex) (Berg.aux)
\openout1 = `Berg.aux'.

LaTeX Font Info:    Checking defaults for OML/cmm/m/it on input line 17.
LaTeX Font Info:    ... okay on input line 17.
LaTeX Font Info:    Checking defaults for T1/cmr/m/n on input line 17.
LaTeX Font Info:    ... okay on input line 17.
LaTeX Font Info:    Checking defaults for OT1/cmr/m/n on input line 17.
LaTeX Font Info:    ... okay on input line 17.
LaTeX Font Info:    Checking defaults for OMS/cmsy/m/n on input line 17.
LaTeX Font Info:    ... okay on input line 17.
LaTeX Font Info:    Checking defaults for OMX/cmex/m/n on input line 17.
LaTeX Font Info:    ... okay on input line 17.
LaTeX Font Info:    Checking defaults for U/cmr/m/n on input line 17.
LaTeX Font Info:    ... okay on input line 17.
LaTeX Font Info:    Checking defaults for PD1/pdf/m/n on input line 17.
LaTeX Font Info:    ... okay on input line 17.
(/usr/share/texmf/tex/latex/graphics/color.sty
Package: color 1999/02/16 v1.0i Standard LaTeX Color (DPC)

(/usr/share/texmf/tex/latex/config/color.cfg)
Package color Info: Driver file: dvips.def on input line 125.

(/usr/share/texmf/tex/latex/graphics/dvipsnam.def
File: dvipsnam.def 1999/02/16 v3.0i Driver-dependant file (DPC,SPQR)
))
Package hyperref Info: Link coloring ON on input line 17.
 (nameref.sty
Package: nameref 2001/01/27 v2.19 Cross-referencing by name of section
\c@section@level=\count125
)
LaTeX Info: Redefining \ref on input line 17.
LaTeX Info: Redefining \pageref on input line 17.
 (Berg.out)
(Berg.out)
\openout3 = `Berg.out'.

 (titleentcs.tex
\c@sv@footnote=\count126
) (introduction.tex
Underfull \hbox (badness 10000) has occurred while \output is active

 []


Overfull \vbox (6.55998pt too high) has occurred while \output is active []


Overfull \hbox (2.43333pt too wide) has occurred while \output is active
 []
 []

[1]
Underfull \vbox (badness 10000) has occurred while \output is active []

 [2])
(preliminaries.tex [3]) (angluinentcs.tex [4] [5]) (resultsentcs.tex [6]
[7]
File: pic_letter.ps Graphic file (type eps)
 <pic_letter.ps>
File: pic.ps Graphic file (type eps)
 <pic.ps>
File: games_talk.ps Graphic file (type eps)
 <games_talk.ps> [8] [9]
File: pic_randomPrefixClosed_single.ps Graphic file (type eps)

<pic_randomPrefixClosed_single.ps> [10]
File: pic_randomPrefixClosed.ps Graphic file (type eps)
 <pic_randomPrefixClosed.ps>
File: pic_randomPrefixClosed_big.ps Graphic file (type eps)

<pic_randomPrefixClosed_big.ps> [11]
Underfull \hbox (badness 10000) in paragraph at lines 275--275
[]\OT1/cmr/m/n/10 time
 []


Underfull \hbox (badness 10000) in paragraph at lines 276--276
[]\OT1/cmr/m/n/10 mq
 []


Underfull \hbox (badness 10000) in paragraph at lines 276--276
\OT1/cmr/m/n/10 with
 []


Underfull \hbox (badness 10000) in paragraph at lines 276--276
[]\OT1/cmr/m/n/10 eq
 []


Underfull \hbox (badness 10000) in paragraph at lines 276--276
\OT1/cmr/m/n/10 with
 []


Underfull \hbox (badness 10000) in paragraph at lines 277--277
[]\OT1/cmr/m/n/10 time
 []


Underfull \hbox (badness 10000) in paragraph at lines 277--277
\OT1/cmr/m/n/10 with
 []


Underfull \hbox (badness 10000) in paragraph at lines 277--277
\OT1/cmr/m/n/10 opt
 []


LaTeX Warning: `h' float specifier changed to `ht'.


Underfull \hbox (badness 5359) in paragraph at lines 300--300
[]\OT1/cmr/m/n/10 mq with
 []


LaTeX Warning: `h' float specifier changed to `ht'.


Underfull \hbox (badness 10000) in paragraph at lines 325--325
[]\OT1/cmr/m/n/10 time
 []


Underfull \hbox (badness 10000) in paragraph at lines 326--326
[]\OT1/cmr/m/n/10 mq
 []


Underfull \hbox (badness 10000) in paragraph at lines 326--326
\OT1/cmr/m/n/10 with
 []


Underfull \hbox (badness 10000) in paragraph at lines 326--326
[]\OT1/cmr/m/n/10 eq
 []


Underfull \hbox (badness 10000) in paragraph at lines 326--326
\OT1/cmr/m/n/10 with
 []


Underfull \hbox (badness 10000) in paragraph at lines 326--326
\OT1/cmr/m/n/10 opt
 []


Underfull \hbox (badness 10000) in paragraph at lines 327--327
[]\OT1/cmr/m/n/10 time
 []


Underfull \hbox (badness 10000) in paragraph at lines 327--327
\OT1/cmr/m/n/10 with
 []


Underfull \hbox (badness 10000) in paragraph at lines 327--327
\OT1/cmr/m/n/10 opt
 []


LaTeX Warning: `h' float specifier changed to `ht'.

[12]
Underfull \hbox (badness 6110) in paragraph at lines 351--351
[]\OT1/cmr/m/n/10 mq quo-
 []


LaTeX Warning: `h' float specifier changed to `ht'.

) (conclusionentcs.tex [13]) (lit.tex [14]) [15] (Berg.aux) ) 
Here is how much of TeX's memory you used:
 3757 strings out of 20887
 45259 string characters out of 196241
 113478 words of memory out of 350001
 6649 multiletter control sequences out of 10000+15000
 20760 words of font info for 84 fonts, out of 400000 for 1000
 14 hyphenation exceptions out of 10000
 32i,10n,38p,301b,479s stack positions out of 3000i,100n,1500p,50000b,4000s

Output written on Berg.dvi (15 pages, 80752 bytes).
