This is TeX, Version 3.14159 (Web2C 7.3.1) (format=latex 2002.8.29)  27 SEP 2004 19:15
**zhan.tex
(zhan.tex
LaTeX2e <2000/06/01>
Babel <v3.7h> and hyphenation patterns for american, french, german, ngerman, i
talian, nohyphenation, loaded.
(entcs.cls
Document Class: entcs 1994/01/12, 2e-1.15: Elsevier Preprint
(/usr/share/texmf/tex/latex/base/newlfont.sty
Package: newlfont 1998/08/17 v2.2m Standard LaTeX package
LaTeX Info: Redefining \em on input line 62.

(/usr/share/texmf/tex/latex/base/latexsym.sty
Package: latexsym 1998/08/17 v2.2e Standard LaTeX package (lasy symbols)
\symlasy=\mathgroup4
LaTeX Font Info:    Overwriting symbol font `lasy' in version `bold'
(Font)                  U/lasy/m/n --> U/lasy/b/n on input line 42.
))
(/usr/share/texmf/tex/latex/amsfonts/amssymb.sty
Package: amssymb 1996/11/03 v2.2b

(/usr/share/texmf/tex/latex/amsfonts/amsfonts.sty
Package: amsfonts 1997/09/17 v2.2e
\@emptytoks=\toks14
\symAMSa=\mathgroup5
\symAMSb=\mathgroup6
LaTeX Font Info:    Overwriting math alphabet `\mathfrak' in version `bold'
(Font)                  U/euf/m/n --> U/euf/b/n on input line 133.
)) (ifpdf.sty
Package: ifpdf 2001/06/14 v1.0 Providing \ifpdf (HO)
Package ifpdf Info: pdfTeX in pdf mode not detected on input line 140.
) (hyperref.sty
Package: hyperref 2003/01/22 v6.73n Hypertext links for LaTeX

(/usr/share/texmf/tex/latex/graphics/keyval.sty
Package: keyval 1999/03/16 v1.13 key=value parser (DPC)
\KV@toks@=\toks15
)
\@linkdim=\dimen102
\Hy@linkcounter=\count79
\Hy@pagecounter=\count80
 (pd1enc.def
File: pd1enc.def 2003/01/22 v6.73n Hyperref: PDFDocEncoding definition (HO)
)
Package hyperref Info: Option `raiselinks' set `false' on input line 1744.
Package hyperref Info: Option `colorlinks' set `true' on input line 1744.
Package hyperref Info: Option `bookmarksopen' set `true' on input line 1744.
Package hyperref Info: Hyper figures OFF on input line 1792.
Package hyperref Info: Link nesting OFF on input line 1797.
Package hyperref Info: Hyper index ON on input line 1800.
Package hyperref Info: Plain pages ON on input line 1805.
Package hyperref Info: Backreferencing OFF on input line 1812.

Implicit mode ON; LaTeX internals redefined
Package hyperref Info: Bookmarks ON on input line 1916.
(/usr/share/texmf/tex/latex/html/url.sty
Package: url 1999/03/02  ver 1.4  Verb mode for urls, email addresses, and file
 names
)
LaTeX Info: Redefining \url on input line 2055.
\Fld@menulength=\count81
\Field@Width=\dimen103
\Fld@charsize=\dimen104
\Choice@toks=\toks16
\Field@toks=\toks17
Package hyperref Info: Hyper figures OFF on input line 2513.
Package hyperref Info: Link nesting OFF on input line 2518.
Package hyperref Info: Hyper index ON on input line 2521.
Package hyperref Info: backreferencing OFF on input line 2528.
Package hyperref Info: Link coloring ON on input line 2531.
\c@Item=\count82
\c@Hfootnote=\count83
)
*hyperref using driver hdvips*
(hdvips.def
File: hdvips.def 2003/01/22 v6.73n Hyperref driver for dvips
 (pdfmark.def
File: pdfmark.def 2003/01/22 v6.73n Hyperref definitions for pdfmark specials
\pdf@docset=\toks18
\pdf@box=\box26
\pdf@toks=\toks19
\pdf@defaulttoks=\toks20
\Fld@listcount=\count84
\@outlinefile=\write3
)) (/usr/share/texmf/tex/latex/base/leqno.clo
File: leqno.clo 1998/08/17 v1.1c Standard LaTeX option (left equation numbers)
)
LaTeX Info: Redefining \rm on input line 75.
LaTeX Info: Redefining \cal on input line 76.
LaTeX Info: Redefining \sf on input line 77.
LaTeX Info: Redefining \tt on input line 78.
LaTeX Info: Redefining \bf on input line 79.
LaTeX Info: Redefining \it on input line 80.
LaTeX Info: Redefining \sl on input line 81.
LaTeX Info: Redefining \sc on input line 82.
\@bls=\dimen105
\eqntopsep=\skip41
\eqnarraycolsep=\dimen106
\labelwidthi=\dimen107
\labelwidthii=\dimen108
\labelwidthiii=\dimen109
\labelwidthiv=\dimen110
\@maxlistdepth=\count85
\eqnbaselineskip=\skip42
\eqnlineskip=\skip43
\mathindent=\dimen111
\c@part=\count86
\c@section=\count87
\c@subsection=\count88
\c@subsubsection=\count89
\c@paragraph=\count90
\c@subparagraph=\count91
\c@thm=\count92
\c@alg=\count93
\c@algorithm=\count94
\c@note=\count95
\c@summ=\count96
\c@case=\count97
\@tempcntc=\count98
\c@figure=\count99
\c@table=\count100
\t@glob@notes=\toks21
\t@loc@notes=\toks22
\note@cnt=\count101
\c@author=\count102
\n@author=\count103
\c@collab=\count104
\n@collab=\count105
\c@address=\count106
\sv@mathsurround=\dimen112
\sv@hyphenpenalty=\count107
\prev@elem=\count108
\cur@elem=\count109
\fm@box=\box27
\fm@size=\dimen113
\t@abstract=\box28
\t@keyword=\box29
\t@xtheight=\dimen114
\@logoheight=\dimen115
\@pubyear=\count110
\@copyear=\count111
\slashbox=\box30
LaTeX Font Info:    Try loading font information for U+lasy on input line 1123.


(/usr/share/texmf/tex/latex/base/ulasy.fd
File: ulasy.fd 1998/08/17 v2.2eLaTeX symbol font definitions
)
LaTeX Font Info:    Try loading font information for U+msa on input line 1123.

(/usr/share/texmf/tex/latex/amsfonts/umsa.fd
File: umsa.fd 1995/01/05 v2.2e AMS font definitions
)
LaTeX Font Info:    Try loading font information for U+msb on input line 1123.

(/usr/share/texmf/tex/latex/amsfonts/umsb.fd
File: umsb.fd 1995/01/05 v2.2e AMS font definitions
)
\Slashbox=\box31
) (entcsmacro.sty)
(/usr/share/texmf/tex/latex/graphics/graphicx.sty
Package: graphicx 1999/02/16 v1.0f Enhanced LaTeX Graphics (DPC,SPQR)

(/usr/share/texmf/tex/latex/graphics/graphics.sty
Package: graphics 1999/02/16 v1.0l Standard LaTeX Graphics (DPC,SPQR)

(/usr/share/texmf/tex/latex/graphics/trig.sty
Package: trig 1999/03/16 v1.09 sin cos tan (DPC)
)
(/usr/share/texmf/tex/latex/config/graphics.cfg)
Package graphics Info: Driver file: dvips.def on input line 80.

(/usr/share/texmf/tex/latex/graphics/dvips.def
File: dvips.def 1999/02/16 v3.0i Driver-dependant file (DPC,SPQR)
))
\Gin@req@height=\dimen116
\Gin@req@width=\dimen117
)
(/usr/share/texmf/tex/latex/amsmath/amsmath.sty
Package: amsmath 2000/07/18 v2.13 AMS math features
\@mathmargin=\skip44

For additional information on amsmath, use the `?' option.
(/usr/share/texmf/tex/latex/amsmath/amstext.sty
Package: amstext 2000/06/29 v2.01

(/usr/share/texmf/tex/latex/amsmath/amsgen.sty
File: amsgen.sty 1999/11/30 v2.0
\@emptytoks=\toks23
\ex@=\dimen118
))
(/usr/share/texmf/tex/latex/amsmath/amsbsy.sty
Package: amsbsy 1999/11/29 v1.2d
\pmbraise@=\dimen119
)
(/usr/share/texmf/tex/latex/amsmath/amsopn.sty
Package: amsopn 1999/12/14 v2.01 operator names
LaTeX Info: Redefining \operatorname on input line 58.
)
\inf@bad=\count112
LaTeX Info: Redefining \frac on input line 211.
\uproot@=\count113
\leftroot@=\count114
LaTeX Info: Redefining \overline on input line 307.
\classnum@=\count115
\DOTSCASE@=\count116
LaTeX Info: Redefining \ldots on input line 379.
LaTeX Info: Redefining \dots on input line 382.
LaTeX Info: Redefining \cdots on input line 467.
\Mathstrutbox@=\box32
\strutbox@=\box33
\big@size=\dimen120
LaTeX Font Info:    Redeclaring font encoding OML on input line 567.
LaTeX Font Info:    Redeclaring font encoding OMS on input line 568.
\macc@depth=\count117
\c@MaxMatrixCols=\count118
\dotsspace@=\muskip10
\c@parentequation=\count119
\dspbrk@lvl=\count120
\tag@help=\toks24
\row@=\count121
\column@=\count122
\maxfields@=\count123
\andhelp@=\toks25
\eqnshift@=\dimen121
\alignsep@=\dimen122
\tagshift@=\dimen123
\tagwidth@=\dimen124
\totwidth@=\dimen125
\lineht@=\dimen126
\@envbody=\toks26
\multlinegap=\skip45
\multlinetaggap=\skip46
\mathdisplay@stack=\toks27
LaTeX Info: Redefining \[ on input line 2666.
LaTeX Info: Redefining \] on input line 2667.
)
(/usr/share/texmf/tex/latex/graphics/epsfig.sty
Package: epsfig 1999/02/16 v1.7a (e)psfig emulation (SPQR)
\epsfxsize=\dimen127
\epsfysize=\dimen128
) (zhan.aux)
\openout1 = `zhan.aux'.

LaTeX Font Info:    Checking defaults for OML/cmm/m/it on input line 88.
LaTeX Font Info:    ... okay on input line 88.
LaTeX Font Info:    Checking defaults for T1/cmr/m/n on input line 88.
LaTeX Font Info:    ... okay on input line 88.
LaTeX Font Info:    Checking defaults for OT1/cmr/m/n on input line 88.
LaTeX Font Info:    ... okay on input line 88.
LaTeX Font Info:    Checking defaults for OMS/cmsy/m/n on input line 88.
LaTeX Font Info:    ... okay on input line 88.
LaTeX Font Info:    Checking defaults for OMX/cmex/m/n on input line 88.
LaTeX Font Info:    ... okay on input line 88.
LaTeX Font Info:    Checking defaults for U/cmr/m/n on input line 88.
LaTeX Font Info:    ... okay on input line 88.
LaTeX Font Info:    Checking defaults for PD1/pdf/m/n on input line 88.
LaTeX Font Info:    ... okay on input line 88.

(/usr/share/texmf/tex/latex/graphics/color.sty
Package: color 1999/02/16 v1.0i Standard LaTeX Color (DPC)

(/usr/share/texmf/tex/latex/config/color.cfg)
Package color Info: Driver file: dvips.def on input line 125.

(/usr/share/texmf/tex/latex/graphics/dvipsnam.def
File: dvipsnam.def 1999/02/16 v3.0i Driver-dependant file (DPC,SPQR)
))
Package hyperref Info: Link coloring ON on input line 88.
 (nameref.sty
Package: nameref 2001/01/27 v2.19 Cross-referencing by name of section
\c@section@level=\count124
)
LaTeX Info: Redefining \ref on input line 88.
LaTeX Info: Redefining \pageref on input line 88.
 (zhan.out)
(zhan.out)
\openout3 = `zhan.out'.

LaTeX Font Info:    Try loading font information for OMS+cmr on input line 97.
 (/usr/share/texmf/tex/latex/base/omscmr.fd
File: omscmr.fd 1999/05/25 v2.5h Standard LaTeX font definitions
)
LaTeX Font Info:    Font shape `OMS/cmr/m/it' in size <10.95> not available
(Font)              Font shape `OMS/cmsy/m/n' tried instead on input line 97.
\c@sv@footnote=\count125

Underfull \hbox (badness 10000) has occurred while \output is active

 []


Overfull \vbox (6.55998pt too high) has occurred while \output is active []


Overfull \hbox (2.43333pt too wide) has occurred while \output is active
 []
 []

[1]
Underfull \vbox (badness 10000) has occurred while \output is active []

 [2]
File: con1.ps Graphic file (type eps)

<con1.ps>
Overfull \hbox (50.61623pt too wide) in paragraph at lines 235--235
[][] 
 []

[3] [4]
Overfull \hbox (2.01947pt too wide) in paragraph at lines 393--411
 [] 
 []


Overfull \hbox (23.58469pt too wide) in paragraph at lines 432--437
\OML/cmm/m/it/12 fn\OT1/cmr/m/n/12 (\OML/cmm/m/it/12 E[]\OT1/cmr/m/n/12 ) \OMS/
cmsy/m/n/12 [ \OML/cmm/m/it/12 fn\OT1/cmr/m/n/12 (\OML/cmm/m/it/12 E[]\OT1/cmr/
m/n/12 ) \OMS/cmsy/m/n/12 ^^R f\OML/cmm/m/it/12 x[]; [] ; x[]\OMS/cmsy/m/n/12 g
$\OT1/cmr/m/n/12 . If $\OML/cmm/m/it/12 E[]\OMS/cmsy/m/n/12 f\OML/cmm/m/it/12 P
[]=x[]; [] ; P[]=x[]\OMS/cmsy/m/n/12 g ^^X \OML/cmm/m/it/12 E[]\OMS/cmsy/m/n/12
 f\OML/cmm/m/it/12 P[]=x[]; [] ; P[]=x[]\OMS/cmsy/m/n/12 g$
 []

[5]

Package hyperref Warning: Token not allowed in a PDFDocEncoded string,
(hyperref)                removing `\hbox' on input line 482.


Package hyperref Warning: Token not allowed in a PDFDocEncoded string,
(hyperref)                removing `math shift' on input line 482.


Package hyperref Warning: Token not allowed in a PDFDocEncoded string,
(hyperref)                removing `superscript' on input line 482.


Package hyperref Warning: Token not allowed in a PDFDocEncoded string,
(hyperref)                removing `math shift' on input line 482.


Package hyperref Warning: Token not allowed in a PDFDocEncoded string:
(hyperref)                \kern -1.95872pt
(hyperref)                removed on input line 482.

[6]
Overfull \hbox (3.87044pt too wide) in paragraph at lines 534--537
[]\OT1/cmr/m/n/12 Formulae $[]\OML/cmm/m/it/12 a[]\OT1/cmr/m/n/12 ; \OML/cmm/m/
it/12 X; ^^WX:\OT1/cmr/m/n/12 ([]\OML/cmm/m/it/12 a[] \OMS/cmsy/m/n/12 _ []\OML
/cmm/m/it/12 b[]\OT1/cmr/m/n/12 ); \OML/cmm/m/it/12 X\OT1/cmr/m/n/12 ; (\OML/cm
m/m/it/12 Y \OT1/cmr/m/n/12 + \OML/cmm/m/it/12 Z\OT1/cmr/m/n/12 )\OML/cmm/m/it/
12 ; []\OT1/cmr/m/n/12 ; \OML/cmm/m/it/12 X$ \OT1/cmr/m/n/12 are guarded,
 []


Underfull \vbox (badness 5260) has occurred while \output is active []

 [7]

Package hyperref Warning: Token not allowed in a PDFDocEncoded string,
(hyperref)                removing `\hbox' on input line 667.


Package hyperref Warning: Token not allowed in a PDFDocEncoded string,
(hyperref)                removing `math shift' on input line 667.


Package hyperref Warning: Token not allowed in a PDFDocEncoded string,
(hyperref)                removing `superscript' on input line 667.


Package hyperref Warning: Token not allowed in a PDFDocEncoded string,
(hyperref)                removing `math shift' on input line 667.

[8]

Package hyperref Warning: Token not allowed in a PDFDocEncoded string,
(hyperref)                removing `\hbox' on input line 758.


Package hyperref Warning: Token not allowed in a PDFDocEncoded string,
(hyperref)                removing `math shift' on input line 758.


Package hyperref Warning: Token not allowed in a PDFDocEncoded string,
(hyperref)                removing `superscript' on input line 758.


Package hyperref Warning: Token not allowed in a PDFDocEncoded string,
(hyperref)                removing `math shift' on input line 758.


Package hyperref Warning: Token not allowed in a PDFDocEncoded string,
(hyperref)                removing `math shift' on input line 758.


Package hyperref Warning: Token not allowed in a PDFDocEncoded string,
(hyperref)                removing `superscript' on input line 758.


Package hyperref Warning: Token not allowed in a PDFDocEncoded string,
(hyperref)                removing `\epsilon' on input line 758.


Package hyperref Warning: Token not allowed in a PDFDocEncoded string,
(hyperref)                removing `subscript' on input line 758.


Package hyperref Warning: Token not allowed in a PDFDocEncoded string,
(hyperref)                removing `\delta' on input line 758.


Package hyperref Warning: Token not allowed in a PDFDocEncoded string,
(hyperref)                removing `math shift' on input line 758.

[9] [10] [11] [12] [13] [14] [15] [16] (zhan.aux) ) 
Here is how much of TeX's memory you used:
 3814 strings out of 20887
 45856 string characters out of 196241
 108861 words of memory out of 350001
 6723 multiletter control sequences out of 10000+15000
 23544 words of font info for 92 fonts, out of 400000 for 1000
 14 hyphenation exceptions out of 10000
 32i,12n,39p,301b,473s stack positions out of 3000i,100n,1500p,50000b,4000s

Output written on zhan.dvi (16 pages, 109860 bytes).
