This is TeX, Version 3.14159 (Web2C 7.3.1) (format=latex 2001.9.7)  31 JAN 2004 23:22
**shanbhag.tex
(shanbhag.tex
LaTeX2e <2000/06/01>
Babel <v3.7h> and hyphenation patterns for american, french, german, ngerman, i
talian, nohyphenation, loaded.
(entcs.cls
Document Class: entcs 1994/01/12, 2e-1.15: Elsevier Preprint
(/usr/share/texmf/tex/latex/base/newlfont.sty
Package: newlfont 1998/08/17 v2.2m Standard LaTeX package
LaTeX Info: Redefining \em on input line 62.

(/usr/share/texmf/tex/latex/base/latexsym.sty
Package: latexsym 1998/08/17 v2.2e Standard LaTeX package (lasy symbols)
\symlasy=\mathgroup4
LaTeX Font Info:    Overwriting symbol font `lasy' in version `bold'
(Font)                  U/lasy/m/n --> U/lasy/b/n on input line 42.
))
(/usr/share/texmf/tex/latex/amsfonts/amssymb.sty
Package: amssymb 1996/11/03 v2.2b

(/usr/share/texmf/tex/latex/amsfonts/amsfonts.sty
Package: amsfonts 1997/09/17 v2.2e
\@emptytoks=\toks14
\symAMSa=\mathgroup5
\symAMSb=\mathgroup6
LaTeX Font Info:    Overwriting math alphabet `\mathfrak' in version `bold'
(Font)                  U/euf/m/n --> U/euf/b/n on input line 133.
)) (ifpdf.sty
Package: ifpdf 2001/06/14 v1.0 Providing \ifpdf (HO)
Package ifpdf Info: pdfTeX in pdf mode not detected on input line 140.
)
(/usr/share/texmf/tex/latex/hyperref/hyperref.sty
Package: hyperref 2000/11/05 v6.71a Hypertext links for LaTeX

(/usr/share/texmf/tex/latex/graphics/keyval.sty
Package: keyval 1999/03/16 v1.13 key=value parser (DPC)
\KV@toks@=\toks15
)
\@linkdim=\dimen102
\Hy@linkcounter=\count79
\Hy@pagecounter=\count80

(/usr/share/texmf/tex/latex/hyperref/pd1enc.def
File: pd1enc.def 2000/11/05 v6.71a Hyperref: PDFDocEncoding definition (HO)
)
Package hyperref Info: Option `raiselinks' set `false' on input line 1603.
Package hyperref Info: Option `colorlinks' set `true' on input line 1603.
Package hyperref Info: Option `bookmarksopen' set `true' on input line 1603.
Package hyperref Info: Bookmarks ON on input line 1661.
Package hyperref Info: Hyper figures OFF on input line 1680.
Package hyperref Info: Link nesting OFF on input line 1685.
Package hyperref Info: Hyper index ON on input line 1688.
Package hyperref Info: Plain pages ON on input line 1693.
Package hyperref Info: Backreferencing OFF on input line 1700.

Implicit mode ON; LaTeX internals redefined
(/usr/share/texmf/tex/latex/html/url.sty
Package: url 1999/03/02  ver 1.4  Verb mode for urls, email addresses, and file
 names
)
LaTeX Info: Redefining \url on input line 1905.
\Fld@menulength=\count81
\Field@Width=\dimen103
\Fld@charsize=\dimen104
\Choice@toks=\toks16
\Field@toks=\toks17
Package hyperref Info: Hyper figures OFF on input line 2351.
Package hyperref Info: Link nesting OFF on input line 2356.
Package hyperref Info: Hyper index ON on input line 2359.
Package hyperref Info: backreferencing OFF on input line 2366.
Package hyperref Info: Link coloring ON on input line 2369.
\c@Item=\count82
\c@Hfootnote=\count83
)
*hyperref using driver hdvips*
(/usr/share/texmf/tex/latex/hyperref/hdvips.def
File: hdvips.def 2000/11/05 v6.71a Hyperref driver for dvips

(/usr/share/texmf/tex/latex/hyperref/pdfmark.def
File: pdfmark.def 2000/11/05 v6.71a Hyperref definitions for pdfmark specials
\pdf@docset=\toks18
\pdf@box=\box26
\pdf@toks=\toks19
\pdf@defaulttoks=\toks20
\Fld@listcount=\count84
\@outlinefile=\write3
))
(/usr/share/texmf/tex/latex/base/leqno.clo
File: leqno.clo 1998/08/17 v1.1c Standard LaTeX option (left equation numbers)
)
LaTeX Info: Redefining \rm on input line 75.
LaTeX Info: Redefining \cal on input line 76.
LaTeX Info: Redefining \sf on input line 77.
LaTeX Info: Redefining \tt on input line 78.
LaTeX Info: Redefining \bf on input line 79.
LaTeX Info: Redefining \it on input line 80.
LaTeX Info: Redefining \sl on input line 81.
LaTeX Info: Redefining \sc on input line 82.
\@bls=\dimen105
\eqntopsep=\skip41
\eqnarraycolsep=\dimen106
\labelwidthi=\dimen107
\labelwidthii=\dimen108
\labelwidthiii=\dimen109
\labelwidthiv=\dimen110
\@maxlistdepth=\count85
\eqnbaselineskip=\skip42
\eqnlineskip=\skip43
\mathindent=\dimen111
\c@part=\count86
\c@section=\count87
\c@subsection=\count88
\c@subsubsection=\count89
\c@paragraph=\count90
\c@subparagraph=\count91
\c@thm=\count92
\c@alg=\count93
\c@algorithm=\count94
\c@note=\count95
\c@summ=\count96
\c@case=\count97
\@tempcntc=\count98
\c@figure=\count99
\c@table=\count100
\t@glob@notes=\toks21
\t@loc@notes=\toks22
\note@cnt=\count101
\c@author=\count102
\n@author=\count103
\c@collab=\count104
\n@collab=\count105
\c@address=\count106
\sv@mathsurround=\dimen112
\sv@hyphenpenalty=\count107
\prev@elem=\count108
\cur@elem=\count109
\fm@box=\box27
\fm@size=\dimen113
\t@abstract=\box28
\t@keyword=\box29
\t@xtheight=\dimen114
\@logoheight=\dimen115
\@pubyear=\count110
\@copyear=\count111
\slashbox=\box30
LaTeX Font Info:    Try loading font information for U+lasy on input line 1123.


(/usr/share/texmf/tex/latex/base/ulasy.fd
File: ulasy.fd 1998/08/17 v2.2eLaTeX symbol font definitions
)
LaTeX Font Info:    Try loading font information for U+msa on input line 1123.

(/usr/share/texmf/tex/latex/amsfonts/umsa.fd
File: umsa.fd 1995/01/05 v2.2e AMS font definitions
)
LaTeX Font Info:    Try loading font information for U+msb on input line 1123.

(/usr/share/texmf/tex/latex/amsfonts/umsb.fd
File: umsb.fd 1995/01/05 v2.2e AMS font definitions
)
\Slashbox=\box31
) (entcsmacro.sty)
(/usr/share/texmf/tex/latex/graphics/graphicx.sty
Package: graphicx 1999/02/16 v1.0f Enhanced LaTeX Graphics (DPC,SPQR)

(/usr/share/texmf/tex/latex/graphics/graphics.sty
Package: graphics 1999/02/16 v1.0l Standard LaTeX Graphics (DPC,SPQR)

(/usr/share/texmf/tex/latex/graphics/trig.sty
Package: trig 1999/03/16 v1.09 sin cos tan (DPC)
)
(/usr/share/texmf/tex/latex/config/graphics.cfg)
Package graphics Info: Driver file: dvips.def on input line 80.

(/usr/share/texmf/tex/latex/graphics/dvips.def
File: dvips.def 1999/02/16 v3.0i Driver-dependant file (DPC,SPQR)
))
\Gin@req@height=\dimen116
\Gin@req@width=\dimen117
) (shanbhag.aux)
\openout1 = `shanbhag.aux'.

LaTeX Font Info:    Checking defaults for OML/cmm/m/it on input line 26.
LaTeX Font Info:    ... okay on input line 26.
LaTeX Font Info:    Checking defaults for T1/cmr/m/n on input line 26.
LaTeX Font Info:    ... okay on input line 26.
LaTeX Font Info:    Checking defaults for OT1/cmr/m/n on input line 26.
LaTeX Font Info:    ... okay on input line 26.
LaTeX Font Info:    Checking defaults for OMS/cmsy/m/n on input line 26.
LaTeX Font Info:    ... okay on input line 26.
LaTeX Font Info:    Checking defaults for OMX/cmex/m/n on input line 26.
LaTeX Font Info:    ... okay on input line 26.
LaTeX Font Info:    Checking defaults for U/cmr/m/n on input line 26.
LaTeX Font Info:    ... okay on input line 26.
LaTeX Font Info:    Checking defaults for PD1/pdf/m/n on input line 26.
LaTeX Font Info:    ... okay on input line 26.

(/usr/share/texmf/tex/latex/graphics/color.sty
Package: color 1999/02/16 v1.0i Standard LaTeX Color (DPC)

(/usr/share/texmf/tex/latex/config/color.cfg)
Package color Info: Driver file: dvips.def on input line 125.

(/usr/share/texmf/tex/latex/graphics/dvipsnam.def
File: dvipsnam.def 1999/02/16 v3.0i Driver-dependant file (DPC,SPQR)
))
Package hyperref Info: Link coloring ON on input line 26.

(/usr/share/texmf/tex/latex/hyperref/nameref.sty
Package: nameref 2000/05/08 v2.18 Cross-referencing by name of section
\c@section@level=\count112
) (shanbhag.out) (shanbhag.out)
\openout3 = `shanbhag.out'.

LaTeX Info: Redefining \ref on input line 26.
LaTeX Info: Redefining \pageref on input line 26.
\c@sv@footnote=\count113

Underfull \hbox (badness 10000) has occurred while \output is active

 []


Overfull \vbox (6.55998pt too high) has occurred while \output is active []


Overfull \hbox (2.43333pt too wide) has occurred while \output is active
 []
 []

[1] [2] [3]
LaTeX Font Info:    Try loading font information for OMS+cmr on input line 193.

 (/usr/share/texmf/tex/latex/base/omscmr.fd
File: omscmr.fd 1999/05/25 v2.5h Standard LaTeX font definitions
)
LaTeX Font Info:    Font shape `OMS/cmr/m/n' in size <12> not available
(Font)              Font shape `OMS/cmsy/m/n' tried instead on input line 193.
File: umtskerrokset2.eps Graphic file (type eps)
 <umtskerrokset2.eps>
[4] [5]
Underfull \vbox (badness 10000) has occurred while \output is active []

 [6]
[7]
File: arch.eps Graphic file (type eps)
 <arch.eps>
File: srlc.eps Graphic file (type eps)
 <srlc.eps>
File: rrlc.new.eps Graphic file (type eps)
 <rrlc.new.eps> [8] [9] [10]
File: rrcs.eps Graphic file (type eps)
 <rrcs.eps>
Overfull \hbox (38.5218pt too wide) in paragraph at lines 608--628
 [] 
 []


Overfull \hbox (38.5218pt too wide) in paragraph at lines 635--655
 [] 
 []


Overfull \hbox (44.39674pt too wide) in paragraph at lines 662--682
 [] 
 []

[11] [12] [13] (shanbhag.bbl
Underfull \vbox (badness 10000) has occurred while \output is active []

 [14])
[15] (shanbhag.aux) ) 
Here is how much of TeX's memory you used:
 3077 strings out of 20887
 38153 string characters out of 196275
 111378 words of memory out of 350001
 5995 multiletter control sequences out of 10000+15000
 20758 words of font info for 85 fonts, out of 400000 for 1000
 14 hyphenation exceptions out of 10000
 32i,8n,36p,327b,462s stack positions out of 3000i,100n,1500p,50000b,4000s

Output written on shanbhag.dvi (15 pages, 81052 bytes).
