This is TeX, Version 3.14159 (Web2C 7.4.5) (format=latex 2004.8.25)  18 DEC 2005 20:52
**sun
(./sun.tex
LaTeX2e <2001/06/01>
Babel <v3.7h> and hyphenation patterns for american, french, german, ngerman, n
ohyphenation, loaded.
(./entcs.cls
Document Class: entcs 1994/01/12, 2e-1.15: Elsevier Preprint
(/usr/local/teTeX-2.0.2/share/texmf/tex/latex/base/newlfont.sty
Package: newlfont 1998/08/17 v2.2m Standard LaTeX package
LaTeX Info: Redefining \em on input line 62.

(/usr/local/teTeX-2.0.2/share/texmf/tex/latex/base/latexsym.sty
Package: latexsym 1998/08/17 v2.2e Standard LaTeX package (lasy symbols)
\symlasy=\mathgroup4
LaTeX Font Info:    Overwriting symbol font `lasy' in version `bold'
(Font)                  U/lasy/m/n --> U/lasy/b/n on input line 42.
))
(/usr/local/teTeX-2.0.2/share/texmf/tex/latex/amsfonts/amssymb.sty
Package: amssymb 2002/01/22 v2.2d

(/usr/local/teTeX-2.0.2/share/texmf/tex/latex/amsfonts/amsfonts.sty
Package: amsfonts 2001/10/25 v2.2f
\@emptytoks=\toks14
\symAMSa=\mathgroup5
\symAMSb=\mathgroup6
LaTeX Font Info:    Overwriting math alphabet `\mathfrak' in version `bold'
(Font)                  U/euf/m/n --> U/euf/b/n on input line 132.
))
(/usr/local/teTeX-2.0.2/share/texmf/tex/latex/oberdiek/ifpdf.sty
Package: ifpdf 2001/06/14 v1.0 Providing \ifpdf (HO)
Package ifpdf Info: pdfTeX in pdf mode not detected on input line 140.
)
(/usr/local/teTeX-2.0.2/share/texmf/tex/latex/hyperref/hyperref.sty
Package: hyperref 2003/01/22 v6.73n Hypertext links for LaTeX

(/usr/local/teTeX-2.0.2/share/texmf/tex/latex/graphics/keyval.sty
Package: keyval 1999/03/16 v1.13 key=value parser (DPC)
\KV@toks@=\toks15
)
\@linkdim=\dimen102
\Hy@linkcounter=\count79
\Hy@pagecounter=\count80

(/usr/local/teTeX-2.0.2/share/texmf/tex/latex/hyperref/pd1enc.def
File: pd1enc.def 2003/01/22 v6.73n Hyperref: PDFDocEncoding definition (HO)
)
(/usr/local/teTeX-2.0.2/share/texmf/tex/latex/config/hyperref.cfg
File: hyperref.cfg 2002/06/06 v1.2 hyperref configuration of TeXLive and teTeX
)
Package hyperref Info: Option `raiselinks' set `false' on input line 1744.
Package hyperref Info: Option `colorlinks' set `true' on input line 1744.
Package hyperref Info: Option `bookmarksopen' set `true' on input line 1744.
Package hyperref Info: Hyper figures OFF on input line 1792.
Package hyperref Info: Link nesting OFF on input line 1797.
Package hyperref Info: Hyper index ON on input line 1800.
Package hyperref Info: Plain pages ON on input line 1805.
Package hyperref Info: Backreferencing OFF on input line 1812.

Implicit mode ON; LaTeX internals redefined
Package hyperref Info: Bookmarks ON on input line 1916.
(/usr/local/teTeX-2.0.2/share/texmf/tex/latex/html/url.sty
Package: url 1999/03/02  ver 1.4  Verb mode for urls, email addresses, and file
 names
)
LaTeX Info: Redefining \url on input line 2055.
\Fld@menulength=\count81
\Field@Width=\dimen103
\Fld@charsize=\dimen104
\Choice@toks=\toks16
\Field@toks=\toks17
Package hyperref Info: Hyper figures OFF on input line 2513.
Package hyperref Info: Link nesting OFF on input line 2518.
Package hyperref Info: Hyper index ON on input line 2521.
Package hyperref Info: backreferencing OFF on input line 2528.
Package hyperref Info: Link coloring ON on input line 2531.
\c@Item=\count82
\c@Hfootnote=\count83
)
*hyperref using driver hdvips*
(/usr/local/teTeX-2.0.2/share/texmf/tex/latex/hyperref/hdvips.def
File: hdvips.def 2003/01/22 v6.73n Hyperref driver for dvips

(/usr/local/teTeX-2.0.2/share/texmf/tex/latex/hyperref/pdfmark.def
File: pdfmark.def 2003/01/22 v6.73n Hyperref definitions for pdfmark specials
\pdf@docset=\toks18
\pdf@box=\box26
\pdf@toks=\toks19
\pdf@defaulttoks=\toks20
\Fld@listcount=\count84
\@outlinefile=\write3
))
(/usr/local/teTeX-2.0.2/share/texmf/tex/latex/base/leqno.clo
File: leqno.clo 1998/08/17 v1.1c Standard LaTeX option (left equation numbers)
)
LaTeX Info: Redefining \rm on input line 75.
LaTeX Info: Redefining \cal on input line 76.
LaTeX Info: Redefining \sf on input line 77.
LaTeX Info: Redefining \tt on input line 78.
LaTeX Info: Redefining \bf on input line 79.
LaTeX Info: Redefining \it on input line 80.
LaTeX Info: Redefining \sl on input line 81.
LaTeX Info: Redefining \sc on input line 82.
\@bls=\dimen105
\eqntopsep=\skip41
\eqnarraycolsep=\dimen106
\labelwidthi=\dimen107
\labelwidthii=\dimen108
\labelwidthiii=\dimen109
\labelwidthiv=\dimen110
\@maxlistdepth=\count85
\eqnbaselineskip=\skip42
\eqnlineskip=\skip43
\mathindent=\dimen111
\c@part=\count86
\c@section=\count87
\c@subsection=\count88
\c@subsubsection=\count89
\c@paragraph=\count90
\c@subparagraph=\count91
\c@thm=\count92
\c@alg=\count93
\c@algorithm=\count94
\c@note=\count95
\c@summ=\count96
\c@case=\count97
\@tempcntc=\count98
\c@figure=\count99
\c@table=\count100
\t@glob@notes=\toks21
\t@loc@notes=\toks22
\note@cnt=\count101
\c@author=\count102
\n@author=\count103
\c@collab=\count104
\n@collab=\count105
\c@address=\count106
\sv@mathsurround=\dimen112
\sv@hyphenpenalty=\count107
\prev@elem=\count108
\cur@elem=\count109
\fm@box=\box27
\fm@size=\dimen113
\t@abstract=\box28
\t@keyword=\box29
\t@xtheight=\dimen114
\@logoheight=\dimen115
\@pubyear=\count110
\@copyear=\count111
\slashbox=\box30
LaTeX Font Info:    Try loading font information for U+lasy on input line 1123.


(/usr/local/teTeX-2.0.2/share/texmf/tex/latex/base/ulasy.fd
File: ulasy.fd 1998/08/17 v2.2e LaTeX symbol font definitions
)
LaTeX Font Info:    Try loading font information for U+msa on input line 1123.

(/usr/local/teTeX-2.0.2/share/texmf/tex/latex/amsfonts/umsa.fd
File: umsa.fd 2002/01/19 v2.2g AMS font definitions
)
LaTeX Font Info:    Try loading font information for U+msb on input line 1123.

(/usr/local/teTeX-2.0.2/share/texmf/tex/latex/amsfonts/umsb.fd
File: umsb.fd 2002/01/19 v2.2g AMS font definitions
)
\Slashbox=\box31
)
(./entcsmacro.sty) (./z-eves.sty
Package: z-eves 97/09/18
\c@mv@zed=\count112
LaTeX Font Info:    Overwriting math alphabet `\mathrm' in version `zed'
(Font)                  OT1/cmr/m/n --> OT1/cmr/m/n on input line 84.
LaTeX Font Info:    Overwriting math alphabet `\mathbf' in version `zed'
(Font)                  OT1/cmr/bx/n --> OT1/cmr/bx/n on input line 84.
LaTeX Font Info:    Overwriting math alphabet `\mathsf' in version `zed'
(Font)                  OT1/cmss/m/n --> OT1/cmss/m/n on input line 84.
\symitalics=\mathgroup7
LaTeX Font Info:    Redeclaring math alphabet \mathrm on input line 84.
LaTeX Font Info:    Redeclaring math alphabet \mathit on input line 84.
LaTeX Font Info:    Redeclaring math alphabet \mathcal on input line 84.
LaTeX Font Info:    Redeclaring symbol font `lasy' on input line 84.
LaTeX Font Info:    Overwriting symbol font `lasy' in version `normal'
(Font)                  U/lasy/m/n --> U/lasy/m/n on input line 84.
LaTeX Font Info:    Overwriting symbol font `lasy' in version `bold'
(Font)                  U/lasy/b/n --> U/lasy/m/n on input line 84.
LaTeX Font Info:    Overwriting symbol font `lasy' in version `zed'
(Font)                  U/lasy/m/n --> U/lasy/m/n on input line 84.
LaTeX Font Info:    Redeclaring symbol font `AMSa' on input line 84.
LaTeX Font Info:    Overwriting symbol font `AMSa' in version `normal'
(Font)                  U/msa/m/n --> U/msa/m/n on input line 84.
LaTeX Font Info:    Overwriting symbol font `AMSa' in version `bold'
(Font)                  U/msa/m/n --> U/msa/m/n on input line 84.
LaTeX Font Info:    Overwriting symbol font `AMSa' in version `zed'
(Font)                  U/msa/m/n --> U/msa/m/n on input line 84.
LaTeX Font Info:    Redeclaring symbol font `AMSb' on input line 84.
LaTeX Font Info:    Overwriting symbol font `AMSb' in version `normal'
(Font)                  U/msb/m/n --> U/msb/m/n on input line 84.
LaTeX Font Info:    Overwriting symbol font `AMSb' in version `bold'
(Font)                  U/msb/m/n --> U/msb/m/n on input line 84.
LaTeX Font Info:    Overwriting symbol font `AMSb' in version `zed'
(Font)                  U/msb/m/n --> U/msb/m/n on input line 84.
LaTeX Font Info:    Redeclaring math symbol \boxdot on input line 306.
LaTeX Font Info:    Redeclaring math symbol \boxplus on input line 306.
LaTeX Font Info:    Redeclaring math symbol \boxtimes on input line 306.
LaTeX Font Info:    Redeclaring math symbol \square on input line 306.
LaTeX Font Info:    Redeclaring math symbol \blacksquare on input line 306.
LaTeX Font Info:    Redeclaring math symbol \centerdot on input line 306.
LaTeX Font Info:    Redeclaring math symbol \lozenge on input line 306.
LaTeX Font Info:    Redeclaring math symbol \blacklozenge on input line 306.
LaTeX Font Info:    Redeclaring math symbol \circlearrowright on input line 306
.
LaTeX Font Info:    Redeclaring math symbol \circlearrowleft on input line 306.

LaTeX Font Info:    Redeclaring math symbol \leftrightharpoons on input line 30
6.
LaTeX Font Info:    Redeclaring math symbol \boxminus on input line 306.
LaTeX Font Info:    Redeclaring math symbol \Vdash on input line 306.
LaTeX Font Info:    Redeclaring math symbol \Vvdash on input line 306.
LaTeX Font Info:    Redeclaring math symbol \vDash on input line 306.
LaTeX Font Info:    Redeclaring math symbol \twoheadrightarrow on input line 30
6.
LaTeX Font Info:    Redeclaring math symbol \twoheadleftarrow on input line 306
.
LaTeX Font Info:    Redeclaring math symbol \leftleftarrows on input line 306.
LaTeX Font Info:    Redeclaring math symbol \rightrightarrows on input line 306
.
LaTeX Font Info:    Redeclaring math symbol \upuparrows on input line 306.
LaTeX Font Info:    Redeclaring math symbol \downdownarrows on input line 306.
LaTeX Font Info:    Redeclaring math symbol \upharpoonright on input line 306.
LaTeX Font Info:    Redeclaring math symbol \downharpoonright on input line 306
.
LaTeX Font Info:    Redeclaring math symbol \upharpoonleft on input line 306.
LaTeX Font Info:    Redeclaring math symbol \downharpoonleft on input line 306.

LaTeX Font Info:    Redeclaring math symbol \rightarrowtail on input line 306.
LaTeX Font Info:    Redeclaring math symbol \leftarrowtail on input line 306.
LaTeX Font Info:    Redeclaring math symbol \leftrightarrows on input line 306.

LaTeX Font Info:    Redeclaring math symbol \rightleftarrows on input line 306.

LaTeX Font Info:    Redeclaring math symbol \Lsh on input line 306.
LaTeX Font Info:    Redeclaring math symbol \Rsh on input line 306.
LaTeX Font Info:    Redeclaring math symbol \rightsquigarrow on input line 306.

LaTeX Font Info:    Redeclaring math symbol \leftrightsquigarrow on input line 
306.
LaTeX Font Info:    Redeclaring math symbol \looparrowleft on input line 306.
LaTeX Font Info:    Redeclaring math symbol \looparrowright on input line 306.
LaTeX Font Info:    Redeclaring math symbol \circeq on input line 306.
LaTeX Font Info:    Redeclaring math symbol \succsim on input line 306.
LaTeX Font Info:    Redeclaring math symbol \gtrsim on input line 306.
LaTeX Font Info:    Redeclaring math symbol \gtrapprox on input line 306.
LaTeX Font Info:    Redeclaring math symbol \multimap on input line 306.
LaTeX Font Info:    Redeclaring math symbol \therefore on input line 306.
LaTeX Font Info:    Redeclaring math symbol \because on input line 306.
LaTeX Font Info:    Redeclaring math symbol \doteqdot on input line 306.
LaTeX Font Info:    Redeclaring math symbol \triangleq on input line 306.
LaTeX Font Info:    Redeclaring math symbol \precsim on input line 306.
LaTeX Font Info:    Redeclaring math symbol \lesssim on input line 306.
LaTeX Font Info:    Redeclaring math symbol \lessapprox on input line 306.
LaTeX Font Info:    Redeclaring math symbol \eqslantless on input line 306.
LaTeX Font Info:    Redeclaring math symbol \eqslantgtr on input line 306.
LaTeX Font Info:    Redeclaring math symbol \curlyeqprec on input line 306.
LaTeX Font Info:    Redeclaring math symbol \curlyeqsucc on input line 306.
LaTeX Font Info:    Redeclaring math symbol \preccurlyeq on input line 306.
LaTeX Font Info:    Redeclaring math symbol \leqq on input line 306.
LaTeX Font Info:    Redeclaring math symbol \leqslant on input line 306.
LaTeX Font Info:    Redeclaring math symbol \lessgtr on input line 306.
LaTeX Font Info:    Redeclaring math symbol \backprime on input line 306.
LaTeX Font Info:    Redeclaring math symbol \risingdotseq on input line 306.
LaTeX Font Info:    Redeclaring math symbol \fallingdotseq on input line 306.
LaTeX Font Info:    Redeclaring math symbol \succcurlyeq on input line 306.
LaTeX Font Info:    Redeclaring math symbol \geqq on input line 306.
LaTeX Font Info:    Redeclaring math symbol \geqslant on input line 306.
LaTeX Font Info:    Redeclaring math symbol \gtrless on input line 306.
LaTeX Font Info:    Redeclaring math symbol \sqsubset on input line 306.
LaTeX Font Info:    Redeclaring math symbol \sqsupset on input line 306.
LaTeX Font Info:    Redeclaring math symbol \vartriangleright on input line 306
.
LaTeX Font Info:    Redeclaring math symbol \vartriangleleft on input line 306.

LaTeX Font Info:    Redeclaring math symbol \trianglerighteq on input line 306.

LaTeX Font Info:    Redeclaring math symbol \trianglelefteq on input line 306.
LaTeX Font Info:    Redeclaring math symbol \bigstar on input line 306.
LaTeX Font Info:    Redeclaring math symbol \between on input line 306.
LaTeX Font Info:    Redeclaring math symbol \blacktriangledown on input line 30
6.
LaTeX Font Info:    Redeclaring math symbol \blacktriangleright on input line 3
06.
LaTeX Font Info:    Redeclaring math symbol \blacktriangleleft on input line 30
6.
LaTeX Font Info:    Redeclaring math symbol \vartriangle on input line 306.
LaTeX Font Info:    Redeclaring math symbol \blacktriangle on input line 306.
LaTeX Font Info:    Redeclaring math symbol \triangledown on input line 306.
LaTeX Font Info:    Redeclaring math symbol \eqcirc on input line 306.
LaTeX Font Info:    Redeclaring math symbol \lesseqgtr on input line 306.
LaTeX Font Info:    Redeclaring math symbol \gtreqless on input line 306.
LaTeX Font Info:    Redeclaring math symbol \lesseqqgtr on input line 306.
LaTeX Font Info:    Redeclaring math symbol \gtreqqless on input line 306.
LaTeX Font Info:    Redeclaring math symbol \Rrightarrow on input line 306.
LaTeX Font Info:    Redeclaring math symbol \Lleftarrow on input line 306.
LaTeX Font Info:    Redeclaring math symbol \veebar on input line 306.
LaTeX Font Info:    Redeclaring math symbol \barwedge on input line 306.
LaTeX Font Info:    Redeclaring math symbol \doublebarwedge on input line 306.
LaTeX Font Info:    Redeclaring math symbol \measuredangle on input line 306.
LaTeX Font Info:    Redeclaring math symbol \sphericalangle on input line 306.
LaTeX Font Info:    Redeclaring math symbol \varpropto on input line 306.
LaTeX Font Info:    Redeclaring math symbol \smallsmile on input line 306.
LaTeX Font Info:    Redeclaring math symbol \smallfrown on input line 306.
LaTeX Font Info:    Redeclaring math symbol \Subset on input line 306.
LaTeX Font Info:    Redeclaring math symbol \Supset on input line 306.
LaTeX Font Info:    Redeclaring math symbol \Cup on input line 306.
LaTeX Font Info:    Redeclaring math symbol \Cap on input line 306.
LaTeX Font Info:    Redeclaring math symbol \curlywedge on input line 306.
LaTeX Font Info:    Redeclaring math symbol \curlyvee on input line 306.
LaTeX Font Info:    Redeclaring math symbol \leftthreetimes on input line 306.
LaTeX Font Info:    Redeclaring math symbol \rightthreetimes on input line 306.

LaTeX Font Info:    Redeclaring math symbol \subseteqq on input line 306.
LaTeX Font Info:    Redeclaring math symbol \supseteqq on input line 306.
LaTeX Font Info:    Redeclaring math symbol \bumpeq on input line 306.
LaTeX Font Info:    Redeclaring math symbol \Bumpeq on input line 306.
LaTeX Font Info:    Redeclaring math symbol \lll on input line 306.
LaTeX Font Info:    Redeclaring math symbol \ggg on input line 306.
LaTeX Font Info:    Redeclaring math delimiter \ulcorner on input line 306.
LaTeX Font Info:    Redeclaring math delimiter \urcorner on input line 306.
LaTeX Font Info:    Redeclaring math delimiter \llcorner on input line 306.
LaTeX Font Info:    Redeclaring math delimiter \lrcorner on input line 306.
LaTeX Font Info:    Redeclaring math symbol \circledS on input line 306.
LaTeX Font Info:    Redeclaring math symbol \pitchfork on input line 306.
LaTeX Font Info:    Redeclaring math symbol \dotplus on input line 306.
LaTeX Font Info:    Redeclaring math symbol \backsim on input line 306.
LaTeX Font Info:    Redeclaring math symbol \backsimeq on input line 306.
LaTeX Font Info:    Redeclaring math symbol \complement on input line 306.
LaTeX Font Info:    Redeclaring math symbol \intercal on input line 306.
LaTeX Font Info:    Redeclaring math symbol \circledcirc on input line 306.
LaTeX Font Info:    Redeclaring math symbol \circledast on input line 306.
LaTeX Font Info:    Redeclaring math symbol \circleddash on input line 306.
LaTeX Font Info:    Redeclaring math symbol \lvertneqq on input line 306.
LaTeX Font Info:    Redeclaring math symbol \gvertneqq on input line 306.
LaTeX Font Info:    Redeclaring math symbol \nleq on input line 306.
LaTeX Font Info:    Redeclaring math symbol \ngeq on input line 306.
LaTeX Font Info:    Redeclaring math symbol \nless on input line 306.
LaTeX Font Info:    Redeclaring math symbol \ngtr on input line 306.
LaTeX Font Info:    Redeclaring math symbol \nprec on input line 306.
LaTeX Font Info:    Redeclaring math symbol \nsucc on input line 306.
LaTeX Font Info:    Redeclaring math symbol \lneqq on input line 306.
LaTeX Font Info:    Redeclaring math symbol \gneqq on input line 306.
LaTeX Font Info:    Redeclaring math symbol \nleqslant on input line 306.
LaTeX Font Info:    Redeclaring math symbol \ngeqslant on input line 306.
LaTeX Font Info:    Redeclaring math symbol \lneq on input line 306.
LaTeX Font Info:    Redeclaring math symbol \gneq on input line 306.
LaTeX Font Info:    Redeclaring math symbol \npreceq on input line 306.
LaTeX Font Info:    Redeclaring math symbol \nsucceq on input line 306.
LaTeX Font Info:    Redeclaring math symbol \precnsim on input line 306.
LaTeX Font Info:    Redeclaring math symbol \succnsim on input line 306.
LaTeX Font Info:    Redeclaring math symbol \lnsim on input line 306.
LaTeX Font Info:    Redeclaring math symbol \gnsim on input line 306.
LaTeX Font Info:    Redeclaring math symbol \nleqq on input line 306.
LaTeX Font Info:    Redeclaring math symbol \ngeqq on input line 306.
LaTeX Font Info:    Redeclaring math symbol \precneqq on input line 306.
LaTeX Font Info:    Redeclaring math symbol \succneqq on input line 306.
LaTeX Font Info:    Redeclaring math symbol \precnapprox on input line 306.
LaTeX Font Info:    Redeclaring math symbol \succnapprox on input line 306.
LaTeX Font Info:    Redeclaring math symbol \lnapprox on input line 306.
LaTeX Font Info:    Redeclaring math symbol \gnapprox on input line 306.
LaTeX Font Info:    Redeclaring math symbol \nsim on input line 306.
LaTeX Font Info:    Redeclaring math symbol \ncong on input line 306.
LaTeX Font Info:    Redeclaring math symbol \varsubsetneq on input line 306.
LaTeX Font Info:    Redeclaring math symbol \varsupsetneq on input line 306.
LaTeX Font Info:    Redeclaring math symbol \nsubseteqq on input line 306.
LaTeX Font Info:    Redeclaring math symbol \nsupseteqq on input line 306.
LaTeX Font Info:    Redeclaring math symbol \subsetneqq on input line 306.
LaTeX Font Info:    Redeclaring math symbol \supsetneqq on input line 306.
LaTeX Font Info:    Redeclaring math symbol \varsubsetneqq on input line 306.
LaTeX Font Info:    Redeclaring math symbol \varsupsetneqq on input line 306.
LaTeX Font Info:    Redeclaring math symbol \subsetneq on input line 306.
LaTeX Font Info:    Redeclaring math symbol \supsetneq on input line 306.
LaTeX Font Info:    Redeclaring math symbol \nsubseteq on input line 306.
LaTeX Font Info:    Redeclaring math symbol \nsupseteq on input line 306.
LaTeX Font Info:    Redeclaring math symbol \nparallel on input line 306.
LaTeX Font Info:    Redeclaring math symbol \nmid on input line 306.
LaTeX Font Info:    Redeclaring math symbol \nshortmid on input line 306.
LaTeX Font Info:    Redeclaring math symbol \nshortparallel on input line 306.
LaTeX Font Info:    Redeclaring math symbol \nvdash on input line 306.
LaTeX Font Info:    Redeclaring math symbol \nVdash on input line 306.
LaTeX Font Info:    Redeclaring math symbol \nvDash on input line 306.
LaTeX Font Info:    Redeclaring math symbol \nVDash on input line 306.
LaTeX Font Info:    Redeclaring math symbol \ntrianglerighteq on input line 306
.
LaTeX Font Info:    Redeclaring math symbol \ntrianglelefteq on input line 306.

LaTeX Font Info:    Redeclaring math symbol \ntriangleleft on input line 306.
LaTeX Font Info:    Redeclaring math symbol \ntriangleright on input line 306.
LaTeX Font Info:    Redeclaring math symbol \nleftarrow on input line 306.
LaTeX Font Info:    Redeclaring math symbol \nrightarrow on input line 306.
LaTeX Font Info:    Redeclaring math symbol \nLeftarrow on input line 306.
LaTeX Font Info:    Redeclaring math symbol \nRightarrow on input line 306.
LaTeX Font Info:    Redeclaring math symbol \nLeftrightarrow on input line 306.

LaTeX Font Info:    Redeclaring math symbol \nleftrightarrow on input line 306.

LaTeX Font Info:    Redeclaring math symbol \divideontimes on input line 306.
LaTeX Font Info:    Redeclaring math symbol \varnothing on input line 306.
LaTeX Font Info:    Redeclaring math symbol \mho on input line 306.
LaTeX Font Info:    Redeclaring math symbol \eth on input line 306.
LaTeX Font Info:    Redeclaring math symbol \eqsim on input line 306.
LaTeX Font Info:    Redeclaring math symbol \beth on input line 306.
LaTeX Font Info:    Redeclaring math symbol \gimel on input line 306.
LaTeX Font Info:    Redeclaring math symbol \daleth on input line 306.
LaTeX Font Info:    Redeclaring math symbol \lessdot on input line 306.
LaTeX Font Info:    Redeclaring math symbol \gtrdot on input line 306.
LaTeX Font Info:    Redeclaring math symbol \ltimes on input line 306.
LaTeX Font Info:    Redeclaring math symbol \rtimes on input line 306.
LaTeX Font Info:    Redeclaring math symbol \shortmid on input line 306.
LaTeX Font Info:    Redeclaring math symbol \shortparallel on input line 306.
LaTeX Font Info:    Redeclaring math symbol \smallsetminus on input line 306.
LaTeX Font Info:    Redeclaring math symbol \thicksim on input line 306.
LaTeX Font Info:    Redeclaring math symbol \thickapprox on input line 306.
LaTeX Font Info:    Redeclaring math symbol \approxeq on input line 306.
LaTeX Font Info:    Redeclaring math symbol \succapprox on input line 306.
LaTeX Font Info:    Redeclaring math symbol \precapprox on input line 306.
LaTeX Font Info:    Redeclaring math symbol \curvearrowleft on input line 306.
LaTeX Font Info:    Redeclaring math symbol \curvearrowright on input line 306.

LaTeX Font Info:    Redeclaring math symbol \digamma on input line 306.
LaTeX Font Info:    Redeclaring math symbol \varkappa on input line 306.
LaTeX Font Info:    Redeclaring math symbol \hslash on input line 306.
LaTeX Font Info:    Redeclaring math symbol \hbar on input line 306.
LaTeX Font Info:    Redeclaring math symbol \backepsilon on input line 306.
\zedindent=\dimen116
\zedleftsep=\dimen117
\zedtab=\dimen118
\zedbar=\dimen119
\zedskip=\skip44
\interzedlinepenalty=\count113
\preboxpenalty=\count114
)
(/usr/local/teTeX-2.0.2/share/texmf/tex/latex/graphics/graphicx.sty
Package: graphicx 1999/02/16 v1.0f Enhanced LaTeX Graphics (DPC,SPQR)

(/usr/local/teTeX-2.0.2/share/texmf/tex/latex/graphics/graphics.sty
Package: graphics 2001/07/07 v1.0n Standard LaTeX Graphics (DPC,SPQR)

(/usr/local/teTeX-2.0.2/share/texmf/tex/latex/graphics/trig.sty
Package: trig 1999/03/16 v1.09 sin cos tan (DPC)
)
(/usr/local/teTeX-2.0.2/share/texmf/tex/latex/config/graphics.cfg
File: graphics.cfg 2001/08/31 v1.1 graphics configuration of teTeX/TeXLive
)
Package graphics Info: Driver file: dvips.def on input line 80.

(/usr/local/teTeX-2.0.2/share/texmf/tex/latex/graphics/dvips.def
File: dvips.def 1999/02/16 v3.0i Driver-dependant file (DPC,SPQR)
))
\Gin@req@height=\dimen120
\Gin@req@width=\dimen121
) (./sun.aux)
\openout1 = `sun.aux'.

LaTeX Font Info:    Checking defaults for OML/cmm/m/it on input line 29.
LaTeX Font Info:    ... okay on input line 29.
LaTeX Font Info:    Checking defaults for T1/cmr/m/n on input line 29.
LaTeX Font Info:    ... okay on input line 29.
LaTeX Font Info:    Checking defaults for OT1/cmr/m/n on input line 29.
LaTeX Font Info:    ... okay on input line 29.
LaTeX Font Info:    Checking defaults for OMS/cmsy/m/n on input line 29.
LaTeX Font Info:    ... okay on input line 29.
LaTeX Font Info:    Checking defaults for OMX/cmex/m/n on input line 29.
LaTeX Font Info:    ... okay on input line 29.
LaTeX Font Info:    Checking defaults for U/cmr/m/n on input line 29.
LaTeX Font Info:    ... okay on input line 29.
LaTeX Font Info:    Checking defaults for PD1/pdf/m/n on input line 29.
LaTeX Font Info:    ... okay on input line 29.
(/usr/local/teTeX-2.0.2/share/texmf/tex/latex/graphics/color.sty
Package: color 1999/02/16 v1.0i Standard LaTeX Color (DPC)

(/usr/local/teTeX-2.0.2/share/texmf/tex/latex/config/color.cfg
File: color.cfg 2001/08/31 v1.1 color configuration of teTeX/TeXLive
)
Package color Info: Driver file: dvips.def on input line 125.

(/usr/local/teTeX-2.0.2/share/texmf/tex/latex/graphics/dvipsnam.def
File: dvipsnam.def 1999/02/16 v3.0i Driver-dependant file (DPC,SPQR)
))
Package hyperref Info: Link coloring ON on input line 29.

(/usr/local/teTeX-2.0.2/share/texmf/tex/latex/hyperref/nameref.sty
Package: nameref 2001/01/27 v2.19 Cross-referencing by name of section
\c@section@level=\count115
)
LaTeX Info: Redefining \ref on input line 29.
LaTeX Info: Redefining \pageref on input line 29.
 (./sun.out) (./sun.out)
\openout3 = `sun.out'.

\c@sv@footnote=\count116

Underfull \hbox (badness 10000) has occurred while \output is active

 []


Overfull \vbox (6.55998pt too high) has occurred while \output is active []


Overfull \hbox (2.43333pt too wide) has occurred while \output is active
 []
 []

[1]
Underfull \vbox (badness 10000) has occurred while \output is active []

 [2]
File: schema.eps Graphic file (type eps)

<schema.eps> [3] [4] [5] [6]
Overfull \hbox (2.60687pt too wide) in alignment at lines 529--543
[] 
 []

[7]
Underfull \vbox (badness 1342) has occurred while \output is active []

 [8]
Overfull \hbox (11.13298pt too wide) in alignment at lines 715--731
[] 
 []


Underfull \vbox (badness 10000) has occurred while \output is active []

 [9]
[10]
LaTeX Font Info:    Font shape `OT1/cmtt/bx/n' in size <12> not available
(Font)              Font shape `OT1/cmtt/m/n' tried instead on input line 866.
 [11]
Underfull \hbox (badness 1688) in paragraph at lines 966--966
[][][][][][][][]\OT1/cmr/m/n/10 Due to the space limit of the pa-per, only a sm
all part of the XML def-i-ni-
 []

[12] [13] [14] [15] (./sun.aux) ) 
Here is how much of TeX's memory you used:
 3347 strings out of 95847
 42817 string characters out of 1195216
 96453 words of memory out of 1000001
 6240 multiletter control sequences out of 10000+50000
 22670 words of font info for 90 fonts, out of 500000 for 1000
 14 hyphenation exceptions out of 1000
 32i,9n,36p,296b,383s stack positions out of 1500i,500n,5000p,200000b,5000s

Output written on sun.dvi (15 pages, 78580 bytes).
