{
/* description */ "(AG (m2.HBUSREQ ->(AF a.HGRANT2))) "
/* identifier  */ {\no_starve2 }
/* truth value */ 0
/* loop begins */ 9
{
/* state 1 */{
#11 "ahb.smv"
\HTRANS  = \IDLE ,
#108 "ahb.smv"
\a .\HGRANT1  = 1,
#109 "ahb.smv"
\a .\HGRANT2  = 0,
#110 "ahb.smv"
\a .\HMASTER  = 1,
#111 "ahb.smv"
\a .\MASK [1] = 0,
#112 "ahb.smv"
\a .\MASK [2] = 0,
#35 "ahb.smv"
\m1 .\HBUSREQ  = 1,
#39 "ahb.smv"
\m1 .\HTRANS  = \IDLE ,
#35 "ahb.smv"
\m2 .\HBUSREQ  = 1,
#39 "ahb.smv"
\m2 .\HTRANS  = \IDLE ,
#63 "ahb.smv"
\s .\HSPLIT [1] = 0,
#64 "ahb.smv"
\s .\HSPLIT [2] = 0,
#78 "ahb.smv"
\s .\MASK [1] = 0,
#79 "ahb.smv"
\s .\MASK [2] = 0,
#62 "ahb.smv"
\s .\RESP  = \ok1 ,
#75 "ahb.smv"
\s .\event [1] = 0,
#76 "ahb.smv"
\s .\event [2] = 0,
#65 "ahb.smv"
\s .\prev_HMASTER  = 0
}
/* state 2 */{
#11 "ahb.smv"
\HTRANS  = \NONSEQ ,
#119 "ahb.smv"
\a .\HGRANT1  = 1,
#125 "ahb.smv"
\a .\HGRANT2  = 0,
#133 "ahb.smv"
\a .\HMASTER  = 1,
#139 "ahb.smv"
\a .\MASK [1] = 0,
#144 "ahb.smv"
\a .\MASK [2] = 0,
#36 "ahb.smv"
\m1 .\HBUSREQ  = 1,
#45 "ahb.smv"
\m1 .\HTRANS  = \NONSEQ ,
#36 "ahb.smv"
\m2 .\HBUSREQ  = 1,
#46 "ahb.smv"
\m2 .\HTRANS  = \IDLE ,
#93 "ahb.smv"
\s .\HSPLIT [1] = 0,
#97 "ahb.smv"
\s .\HSPLIT [2] = 0,
#78 "ahb.smv"
\s .\MASK [1] = 0,
#79 "ahb.smv"
\s .\MASK [2] = 0,
#69 "ahb.smv"
\s .\RESP  = \ok1 ,
#83 "ahb.smv"
\s .\event [1] = 0,
#88 "ahb.smv"
\s .\event [2] = 0,
#7 "ahb.smv"
\s .\prev_HMASTER  = 1
}
/* state 3 */{
#11 "ahb.smv"
\HTRANS  = \SEQ ,
#117 "ahb.smv"
\a .\HGRANT1  = 0,
#124 "ahb.smv"
\a .\HGRANT2  = 1,
#133 "ahb.smv"
\a .\HMASTER  = 1,
#139 "ahb.smv"
\a .\MASK [1] = 0,
#144 "ahb.smv"
\a .\MASK [2] = 0,
#36 "ahb.smv"
\m1 .\HBUSREQ  = 1,
#41 "ahb.smv"
\m1 .\HTRANS  = \SEQ ,
#36 "ahb.smv"
\m2 .\HBUSREQ  = 1,
#46 "ahb.smv"
\m2 .\HTRANS  = \IDLE ,
#93 "ahb.smv"
\s .\HSPLIT [1] = 0,
#97 "ahb.smv"
\s .\HSPLIT [2] = 0,
#78 "ahb.smv"
\s .\MASK [1] = 0,
#79 "ahb.smv"
\s .\MASK [2] = 0,
#70 "ahb.smv"
\s .\RESP  = \ok1 ,
#83 "ahb.smv"
\s .\event [1] = 0,
#88 "ahb.smv"
\s .\event [2] = 0,
#7 "ahb.smv"
\s .\prev_HMASTER  = 1
}
/* state 4 */{
#12 "ahb.smv"
\HTRANS  = \NONSEQ ,
#119 "ahb.smv"
\a .\HGRANT1  = 0,
#125 "ahb.smv"
\a .\HGRANT2  = 1,
#130 "ahb.smv"
\a .\HMASTER  = 2,
#139 "ahb.smv"
\a .\MASK [1] = 0,
#144 "ahb.smv"
\a .\MASK [2] = 0,
#36 "ahb.smv"
\m1 .\HBUSREQ  = 1,
#46 "ahb.smv"
\m1 .\HTRANS  = \IDLE ,
#36 "ahb.smv"
\m2 .\HBUSREQ  = 1,
#45 "ahb.smv"
\m2 .\HTRANS  = \NONSEQ ,
#93 "ahb.smv"
\s .\HSPLIT [1] = 0,
#97 "ahb.smv"
\s .\HSPLIT [2] = 0,
#78 "ahb.smv"
\s .\MASK [1] = 1,
#79 "ahb.smv"
\s .\MASK [2] = 0,
#70 "ahb.smv"
\s .\RESP  = \split0 ,
#83 "ahb.smv"
\s .\event [1] = 0,
#88 "ahb.smv"
\s .\event [2] = 0,
#7 "ahb.smv"
\s .\prev_HMASTER  = 1
}
/* state 5 */{
#12 "ahb.smv"
\HTRANS  = \IDLE ,
#119 "ahb.smv"
\a .\HGRANT1  = 0,
#125 "ahb.smv"
\a .\HGRANT2  = 1,
#133 "ahb.smv"
\a .\HMASTER  = 2,
#139 "ahb.smv"
\a .\MASK [1] = 0,
#142 "ahb.smv"
\a .\MASK [2] = 1,
#36 "ahb.smv"
\m1 .\HBUSREQ  = 1,
#46 "ahb.smv"
\m1 .\HTRANS  = \IDLE ,
#36 "ahb.smv"
\m2 .\HBUSREQ  = 1,
#44 "ahb.smv"
\m2 .\HTRANS  = \IDLE ,
#92 "ahb.smv"
\s .\HSPLIT [1] = 1,
#97 "ahb.smv"
\s .\HSPLIT [2] = 0,
#78 "ahb.smv"
\s .\MASK [1] = 0,
#79 "ahb.smv"
\s .\MASK [2] = 0,
#71 "ahb.smv"
\s .\RESP  = \split1 ,
#82 "ahb.smv"
\s .\event [1] = 0,
#88 "ahb.smv"
\s .\event [2] = 0,
#7 "ahb.smv"
\s .\prev_HMASTER  = 2
}
/* state 6 */{
#12 "ahb.smv"
\HTRANS  = \NONSEQ ,
#119 "ahb.smv"
\a .\HGRANT1  = 0,
#122 "ahb.smv"
\a .\HGRANT2  = 0,
#133 "ahb.smv"
\a .\HMASTER  = 2,
#139 "ahb.smv"
\a .\MASK [1] = 0,
#144 "ahb.smv"
\a .\MASK [2] = 1,
#36 "ahb.smv"
\m1 .\HBUSREQ  = 1,
#46 "ahb.smv"
\m1 .\HTRANS  = \IDLE ,
#36 "ahb.smv"
\m2 .\HBUSREQ  = 1,
#45 "ahb.smv"
\m2 .\HTRANS  = \NONSEQ ,
#93 "ahb.smv"
\s .\HSPLIT [1] = 0,
#97 "ahb.smv"
\s .\HSPLIT [2] = 0,
#78 "ahb.smv"
\s .\MASK [1] = 0,
#79 "ahb.smv"
\s .\MASK [2] = 0,
#69 "ahb.smv"
\s .\RESP  = \ok1 ,
#83 "ahb.smv"
\s .\event [1] = 0,
#88 "ahb.smv"
\s .\event [2] = 0,
#7 "ahb.smv"
\s .\prev_HMASTER  = 2
}
/* state 7 */{
#12 "ahb.smv"
\HTRANS  = \IDLE ,
#117 "ahb.smv"
\a .\HGRANT1  = 1,
#122 "ahb.smv"
\a .\HGRANT2  = 0,
#133 "ahb.smv"
\a .\HMASTER  = 2,
#139 "ahb.smv"
\a .\MASK [1] = 0,
#144 "ahb.smv"
\a .\MASK [2] = 1,
#36 "ahb.smv"
\m1 .\HBUSREQ  = 1,
#46 "ahb.smv"
\m1 .\HTRANS  = \IDLE ,
#36 "ahb.smv"
\m2 .\HBUSREQ  = 1,
#46 "ahb.smv"
\m2 .\HTRANS  = \IDLE ,
#93 "ahb.smv"
\s .\HSPLIT [1] = 0,
#97 "ahb.smv"
\s .\HSPLIT [2] = 0,
#78 "ahb.smv"
\s .\MASK [1] = 0,
#79 "ahb.smv"
\s .\MASK [2] = 0,
#70 "ahb.smv"
\s .\RESP  = \ok1 ,
#83 "ahb.smv"
\s .\event [1] = 0,
#88 "ahb.smv"
\s .\event [2] = 0,
#7 "ahb.smv"
\s .\prev_HMASTER  = 2
}
/* state 8 */{
#11 "ahb.smv"
\HTRANS  = \NONSEQ ,
#119 "ahb.smv"
\a .\HGRANT1  = 1,
#122 "ahb.smv"
\a .\HGRANT2  = 0,
#129 "ahb.smv"
\a .\HMASTER  = 1,
#139 "ahb.smv"
\a .\MASK [1] = 0,
#144 "ahb.smv"
\a .\MASK [2] = 1,
#36 "ahb.smv"
\m1 .\HBUSREQ  = 1,
#45 "ahb.smv"
\m1 .\HTRANS  = \NONSEQ ,
#36 "ahb.smv"
\m2 .\HBUSREQ  = 1,
#46 "ahb.smv"
\m2 .\HTRANS  = \IDLE ,
#93 "ahb.smv"
\s .\HSPLIT [1] = 0,
#97 "ahb.smv"
\s .\HSPLIT [2] = 0,
#78 "ahb.smv"
\s .\MASK [1] = 0,
#79 "ahb.smv"
\s .\MASK [2] = 0,
#69 "ahb.smv"
\s .\RESP  = \ok1 ,
#83 "ahb.smv"
\s .\event [1] = 0,
#88 "ahb.smv"
\s .\event [2] = 0,
#7 "ahb.smv"
\s .\prev_HMASTER  = 2
}
/* loop begins here */
/* state 9 */{
#11 "ahb.smv"
\HTRANS  = \SEQ ,
#117 "ahb.smv"
\a .\HGRANT1  = 1,
#122 "ahb.smv"
\a .\HGRANT2  = 0,
#133 "ahb.smv"
\a .\HMASTER  = 1,
#139 "ahb.smv"
\a .\MASK [1] = 0,
#144 "ahb.smv"
\a .\MASK [2] = 1,
#36 "ahb.smv"
\m1 .\HBUSREQ  = 1,
#41 "ahb.smv"
\m1 .\HTRANS  = \SEQ ,
#36 "ahb.smv"
\m2 .\HBUSREQ  = 1,
#46 "ahb.smv"
\m2 .\HTRANS  = \IDLE ,
#93 "ahb.smv"
\s .\HSPLIT [1] = 0,
#97 "ahb.smv"
\s .\HSPLIT [2] = 0,
#78 "ahb.smv"
\s .\MASK [1] = 0,
#79 "ahb.smv"
\s .\MASK [2] = 0,
#70 "ahb.smv"
\s .\RESP  = \ok1 ,
#83 "ahb.smv"
\s .\event [1] = 0,
#88 "ahb.smv"
\s .\event [2] = 0,
#7 "ahb.smv"
\s .\prev_HMASTER  = 1
}
/* state 10 */{
#11 "ahb.smv"
\HTRANS  = \IDLE ,
#119 "ahb.smv"
\a .\HGRANT1  = 1,
#122 "ahb.smv"
\a .\HGRANT2  = 0,
#133 "ahb.smv"
\a .\HMASTER  = 1,
#139 "ahb.smv"
\a .\MASK [1] = 0,
#144 "ahb.smv"
\a .\MASK [2] = 1,
#36 "ahb.smv"
\m1 .\HBUSREQ  = 1,
#42 "ahb.smv"
\m1 .\HTRANS  = \IDLE ,
#36 "ahb.smv"
\m2 .\HBUSREQ  = 1,
#46 "ahb.smv"
\m2 .\HTRANS  = \IDLE ,
#93 "ahb.smv"
\s .\HSPLIT [1] = 0,
#97 "ahb.smv"
\s .\HSPLIT [2] = 0,
#78 "ahb.smv"
\s .\MASK [1] = 0,
#79 "ahb.smv"
\s .\MASK [2] = 0,
#70 "ahb.smv"
\s .\RESP  = \ok1 ,
#83 "ahb.smv"
\s .\event [1] = 0,
#88 "ahb.smv"
\s .\event [2] = 0,
#7 "ahb.smv"
\s .\prev_HMASTER  = 1
}
/* state 11 */{
#11 "ahb.smv"
\HTRANS  = \NONSEQ ,
#119 "ahb.smv"
\a .\HGRANT1  = 1,
#122 "ahb.smv"
\a .\HGRANT2  = 0,
#133 "ahb.smv"
\a .\HMASTER  = 1,
#139 "ahb.smv"
\a .\MASK [1] = 0,
#144 "ahb.smv"
\a .\MASK [2] = 1,
#36 "ahb.smv"
\m1 .\HBUSREQ  = 1,
#45 "ahb.smv"
\m1 .\HTRANS  = \NONSEQ ,
#36 "ahb.smv"
\m2 .\HBUSREQ  = 1,
#46 "ahb.smv"
\m2 .\HTRANS  = \IDLE ,
#93 "ahb.smv"
\s .\HSPLIT [1] = 0,
#97 "ahb.smv"
\s .\HSPLIT [2] = 0,
#78 "ahb.smv"
\s .\MASK [1] = 0,
#79 "ahb.smv"
\s .\MASK [2] = 0,
#69 "ahb.smv"
\s .\RESP  = \ok1 ,
#83 "ahb.smv"
\s .\event [1] = 0,
#88 "ahb.smv"
\s .\event [2] = 0,
#7 "ahb.smv"
\s .\prev_HMASTER  = 1
}
/* loop back to state 9 */
}
}
