This is TeX, Version 3.14159 (Web2C 7.3.1) (format=latex 2002.8.29)  3 SEP 2004 00:31
**preface.tex
(preface.tex
LaTeX2e <2000/06/01>
Babel <v3.7h> and hyphenation patterns for american, french, german, ngerman, i
talian, nohyphenation, loaded.
(entcs.cls
Document Class: entcs 1994/01/12, 2e-1.15: Elsevier Preprint
(/usr/share/texmf/tex/latex/base/newlfont.sty
Package: newlfont 1998/08/17 v2.2m Standard LaTeX package
LaTeX Info: Redefining \em on input line 62.

(/usr/share/texmf/tex/latex/base/latexsym.sty
Package: latexsym 1998/08/17 v2.2e Standard LaTeX package (lasy symbols)
\symlasy=\mathgroup4
LaTeX Font Info:    Overwriting symbol font `lasy' in version `bold'
(Font)                  U/lasy/m/n --> U/lasy/b/n on input line 42.
))
(/usr/share/texmf/tex/latex/amsfonts/amssymb.sty
Package: amssymb 1996/11/03 v2.2b

(/usr/share/texmf/tex/latex/amsfonts/amsfonts.sty
Package: amsfonts 1997/09/17 v2.2e
\@emptytoks=\toks14
\symAMSa=\mathgroup5
\symAMSb=\mathgroup6
LaTeX Font Info:    Overwriting math alphabet `\mathfrak' in version `bold'
(Font)                  U/euf/m/n --> U/euf/b/n on input line 133.
)) (ifpdf.sty
Package: ifpdf 2001/06/14 v1.0 Providing \ifpdf (HO)
Package ifpdf Info: pdfTeX in pdf mode not detected on input line 140.
) (hyperref.sty
Package: hyperref 2003/01/22 v6.73n Hypertext links for LaTeX

(/usr/share/texmf/tex/latex/graphics/keyval.sty
Package: keyval 1999/03/16 v1.13 key=value parser (DPC)
\KV@toks@=\toks15
)
\@linkdim=\dimen102
\Hy@linkcounter=\count79
\Hy@pagecounter=\count80
 (pd1enc.def
File: pd1enc.def 2003/01/22 v6.73n Hyperref: PDFDocEncoding definition (HO)
)
Package hyperref Info: Option `raiselinks' set `false' on input line 1744.
Package hyperref Info: Option `colorlinks' set `true' on input line 1744.
Package hyperref Info: Option `bookmarksopen' set `true' on input line 1744.
Package hyperref Info: Hyper figures OFF on input line 1792.
Package hyperref Info: Link nesting OFF on input line 1797.
Package hyperref Info: Hyper index ON on input line 1800.
Package hyperref Info: Plain pages ON on input line 1805.
Package hyperref Info: Backreferencing OFF on input line 1812.

Implicit mode ON; LaTeX internals redefined
Package hyperref Info: Bookmarks ON on input line 1916.
(/usr/share/texmf/tex/latex/html/url.sty
Package: url 1999/03/02  ver 1.4  Verb mode for urls, email addresses, and file
 names
)
LaTeX Info: Redefining \url on input line 2055.
\Fld@menulength=\count81
\Field@Width=\dimen103
\Fld@charsize=\dimen104
\Choice@toks=\toks16
\Field@toks=\toks17
Package hyperref Info: Hyper figures OFF on input line 2513.
Package hyperref Info: Link nesting OFF on input line 2518.
Package hyperref Info: Hyper index ON on input line 2521.
Package hyperref Info: backreferencing OFF on input line 2528.
Package hyperref Info: Link coloring ON on input line 2531.
\c@Item=\count82
\c@Hfootnote=\count83
)
*hyperref using driver hdvips*
(hdvips.def
File: hdvips.def 2003/01/22 v6.73n Hyperref driver for dvips
 (pdfmark.def
File: pdfmark.def 2003/01/22 v6.73n Hyperref definitions for pdfmark specials
\pdf@docset=\toks18
\pdf@box=\box26
\pdf@toks=\toks19
\pdf@defaulttoks=\toks20
\Fld@listcount=\count84
\@outlinefile=\write3
)) (/usr/share/texmf/tex/latex/base/leqno.clo
File: leqno.clo 1998/08/17 v1.1c Standard LaTeX option (left equation numbers)
)
LaTeX Info: Redefining \rm on input line 75.
LaTeX Info: Redefining \cal on input line 76.
LaTeX Info: Redefining \sf on input line 77.
LaTeX Info: Redefining \tt on input line 78.
LaTeX Info: Redefining \bf on input line 79.
LaTeX Info: Redefining \it on input line 80.
LaTeX Info: Redefining \sl on input line 81.
LaTeX Info: Redefining \sc on input line 82.
\@bls=\dimen105
\eqntopsep=\skip41
\eqnarraycolsep=\dimen106
\labelwidthi=\dimen107
\labelwidthii=\dimen108
\labelwidthiii=\dimen109
\labelwidthiv=\dimen110
\@maxlistdepth=\count85
\eqnbaselineskip=\skip42
\eqnlineskip=\skip43
\mathindent=\dimen111
\c@part=\count86
\c@section=\count87
\c@subsection=\count88
\c@subsubsection=\count89
\c@paragraph=\count90
\c@subparagraph=\count91
\c@thm=\count92
\c@alg=\count93
\c@algorithm=\count94
\c@note=\count95
\c@summ=\count96
\c@case=\count97
\@tempcntc=\count98
\c@figure=\count99
\c@table=\count100
\t@glob@notes=\toks21
\t@loc@notes=\toks22
\note@cnt=\count101
\c@author=\count102
\n@author=\count103
\c@collab=\count104
\n@collab=\count105
\c@address=\count106
\sv@mathsurround=\dimen112
\sv@hyphenpenalty=\count107
\prev@elem=\count108
\cur@elem=\count109
\fm@box=\box27
\fm@size=\dimen113
\t@abstract=\box28
\t@keyword=\box29
\t@xtheight=\dimen114
\@logoheight=\dimen115
\@pubyear=\count110
\@copyear=\count111
\slashbox=\box30
LaTeX Font Info:    Try loading font information for U+lasy on input line 1123.


(/usr/share/texmf/tex/latex/base/ulasy.fd
File: ulasy.fd 1998/08/17 v2.2eLaTeX symbol font definitions
)
LaTeX Font Info:    Try loading font information for U+msa on input line 1123.

(/usr/share/texmf/tex/latex/amsfonts/umsa.fd
File: umsa.fd 1995/01/05 v2.2e AMS font definitions
)
LaTeX Font Info:    Try loading font information for U+msb on input line 1123.

(/usr/share/texmf/tex/latex/amsfonts/umsb.fd
File: umsb.fd 1995/01/05 v2.2e AMS font definitions
)
\Slashbox=\box31
) (entcsmacro.sty) (preface.aux)
\openout1 = `preface.aux'.

LaTeX Font Info:    Checking defaults for OML/cmm/m/it on input line 3.
LaTeX Font Info:    ... okay on input line 3.
LaTeX Font Info:    Checking defaults for T1/cmr/m/n on input line 3.
LaTeX Font Info:    ... okay on input line 3.
LaTeX Font Info:    Checking defaults for OT1/cmr/m/n on input line 3.
LaTeX Font Info:    ... okay on input line 3.
LaTeX Font Info:    Checking defaults for OMS/cmsy/m/n on input line 3.
LaTeX Font Info:    ... okay on input line 3.
LaTeX Font Info:    Checking defaults for OMX/cmex/m/n on input line 3.
LaTeX Font Info:    ... okay on input line 3.
LaTeX Font Info:    Checking defaults for U/cmr/m/n on input line 3.
LaTeX Font Info:    ... okay on input line 3.
LaTeX Font Info:    Checking defaults for PD1/pdf/m/n on input line 3.
LaTeX Font Info:    ... okay on input line 3.

(/usr/share/texmf/tex/latex/graphics/color.sty
Package: color 1999/02/16 v1.0i Standard LaTeX Color (DPC)

(/usr/share/texmf/tex/latex/config/color.cfg)
Package color Info: Driver file: dvips.def on input line 125.

(/usr/share/texmf/tex/latex/graphics/dvips.def
File: dvips.def 1999/02/16 v3.0i Driver-dependant file (DPC,SPQR)
)
(/usr/share/texmf/tex/latex/graphics/dvipsnam.def
File: dvipsnam.def 1999/02/16 v3.0i Driver-dependant file (DPC,SPQR)
))
Package hyperref Info: Link coloring ON on input line 3.
 (nameref.sty
Package: nameref 2001/01/27 v2.19 Cross-referencing by name of section
\c@section@level=\count112
)
LaTeX Info: Redefining \ref on input line 3.
LaTeX Info: Redefining \pageref on input line 3.
 (preface.out) (preface.out)
\openout3 = `preface.out'.

\c@sv@footnote=\count113

Underfull \hbox (badness 10000) has occurred while \output is active

 []


Overfull \vbox (6.55998pt too high) has occurred while \output is active []


Overfull \hbox (2.43333pt too wide) has occurred while \output is active
 []
 []

[1] (preface.aux) ) 
Here is how much of TeX's memory you used:
 2866 strings out of 20887
 35861 string characters out of 196241
 85288 words of memory out of 350001
 5811 multiletter control sequences out of 10000+15000
 16174 words of font info for 66 fonts, out of 400000 for 1000
 14 hyphenation exceptions out of 10000
 32i,7n,26p,304b,292s stack positions out of 3000i,100n,1500p,50000b,4000s

Output written on preface.dvi (1 page, 4860 bytes).
