This is TeX, Version 3.14159 (Web2C 7.3.1) (format=latex 2003.2.18)  11 OCT 2004 18:46
**corin.tex
(corin.tex
LaTeX2e <2001/06/01>
Babel <v3.7h> and hyphenation patterns for american, french, german, ngerman, i
talian, nohyphenation, loaded.
(entcs.cls
Document Class: entcs 1994/01/12, 2e-1.15: Elsevier Preprint
(/usr/share/texmf/tex/latex/base/newlfont.sty
Package: newlfont 1998/08/17 v2.2m Standard LaTeX package
LaTeX Info: Redefining \em on input line 62.

(/usr/share/texmf/tex/latex/base/latexsym.sty
Package: latexsym 1998/08/17 v2.2e Standard LaTeX package (lasy symbols)
\symlasy=\mathgroup4
LaTeX Font Info:    Overwriting symbol font `lasy' in version `bold'
(Font)                  U/lasy/m/n --> U/lasy/b/n on input line 42.
))
(/usr/share/texmf/tex/latex/amsfonts/amssymb.sty
Package: amssymb 2002/01/22 v2.2d

(/usr/share/texmf/tex/latex/amsfonts/amsfonts.sty
Package: amsfonts 2001/10/25 v2.2f
\@emptytoks=\toks14
\symAMSa=\mathgroup5
\symAMSb=\mathgroup6
LaTeX Font Info:    Overwriting math alphabet `\mathfrak' in version `bold'
(Font)                  U/euf/m/n --> U/euf/b/n on input line 132.
))
(/usr/share/texmf/tex/latex/oberdiek/ifpdf.sty
Package: ifpdf 2001/06/14 v1.0 Providing \ifpdf (HO)
Package ifpdf Info: pdfTeX in pdf mode not detected on input line 140.
)
(/usr/share/texmf/tex/latex/hyperref/hyperref.sty
Package: hyperref 2002/08/04 v6.72v Hypertext links for LaTeX

(/usr/share/texmf/tex/latex/graphics/keyval.sty
Package: keyval 1999/03/16 v1.13 key=value parser (DPC)
\KV@toks@=\toks15
)
\@linkdim=\dimen102
\Hy@linkcounter=\count79
\Hy@pagecounter=\count80

(/usr/share/texmf/tex/latex/hyperref/pd1enc.def
File: pd1enc.def 2002/08/04 v6.72v Hyperref: PDFDocEncoding definition (HO)
)
Package hyperref Info: Option `raiselinks' set `false' on input line 1739.
Package hyperref Info: Option `colorlinks' set `true' on input line 1739.
Package hyperref Info: Option `bookmarksopen' set `true' on input line 1739.
Package hyperref Info: Bookmarks ON on input line 1797.
Package hyperref Info: Hyper figures OFF on input line 1816.
Package hyperref Info: Link nesting OFF on input line 1821.
Package hyperref Info: Hyper index ON on input line 1824.
Package hyperref Info: Plain pages ON on input line 1829.
Package hyperref Info: Backreferencing OFF on input line 1836.

Implicit mode ON; LaTeX internals redefined
(/usr/share/texmf/tex/latex/html/url.sty
Package: url 1999/03/02  ver 1.4  Verb mode for urls, email addresses, and file
 names
)
LaTeX Info: Redefining \url on input line 2048.
\Fld@menulength=\count81
\Field@Width=\dimen103
\Fld@charsize=\dimen104
\Choice@toks=\toks16
\Field@toks=\toks17
Package hyperref Info: Hyper figures OFF on input line 2506.
Package hyperref Info: Link nesting OFF on input line 2511.
Package hyperref Info: Hyper index ON on input line 2514.
Package hyperref Info: backreferencing OFF on input line 2521.
Package hyperref Info: Link coloring ON on input line 2524.
\c@Item=\count82
\c@Hfootnote=\count83
)
*hyperref using driver hdvips*
(/usr/share/texmf/tex/latex/hyperref/hdvips.def
File: hdvips.def 2002/08/04 v6.72v Hyperref driver for dvips

(/usr/share/texmf/tex/latex/hyperref/pdfmark.def
File: pdfmark.def 2002/08/04 v6.72v Hyperref definitions for pdfmark specials
\pdf@docset=\toks18
\pdf@box=\box26
\pdf@toks=\toks19
\pdf@defaulttoks=\toks20
\Fld@listcount=\count84
\@outlinefile=\write3
))
(/usr/share/texmf/tex/latex/base/leqno.clo
File: leqno.clo 1998/08/17 v1.1c Standard LaTeX option (left equation numbers)
)
LaTeX Info: Redefining \rm on input line 75.
LaTeX Info: Redefining \cal on input line 76.
LaTeX Info: Redefining \sf on input line 77.
LaTeX Info: Redefining \tt on input line 78.
LaTeX Info: Redefining \bf on input line 79.
LaTeX Info: Redefining \it on input line 80.
LaTeX Info: Redefining \sl on input line 81.
LaTeX Info: Redefining \sc on input line 82.
\@bls=\dimen105
\eqntopsep=\skip41
\eqnarraycolsep=\dimen106
\labelwidthi=\dimen107
\labelwidthii=\dimen108
\labelwidthiii=\dimen109
\labelwidthiv=\dimen110
\@maxlistdepth=\count85
\eqnbaselineskip=\skip42
\eqnlineskip=\skip43
\mathindent=\dimen111
\c@part=\count86
\c@section=\count87
\c@subsection=\count88
\c@subsubsection=\count89
\c@paragraph=\count90
\c@subparagraph=\count91
\c@thm=\count92
\c@alg=\count93
\c@algorithm=\count94
\c@note=\count95
\c@summ=\count96
\c@case=\count97
\@tempcntc=\count98
\c@figure=\count99
\c@table=\count100
\t@glob@notes=\toks21
\t@loc@notes=\toks22
\note@cnt=\count101
\c@author=\count102
\n@author=\count103
\c@collab=\count104
\n@collab=\count105
\c@address=\count106
\sv@mathsurround=\dimen112
\sv@hyphenpenalty=\count107
\prev@elem=\count108
\cur@elem=\count109
\fm@box=\box27
\fm@size=\dimen113
\t@abstract=\box28
\t@keyword=\box29
\t@xtheight=\dimen114
\@logoheight=\dimen115
\@pubyear=\count110
\@copyear=\count111
\slashbox=\box30
LaTeX Font Info:    Try loading font information for U+lasy on input line 1123.


(/usr/share/texmf/tex/latex/base/ulasy.fd
File: ulasy.fd 1998/08/17 v2.2e LaTeX symbol font definitions
)
LaTeX Font Info:    Try loading font information for U+msa on input line 1123.

(/usr/share/texmf/tex/latex/amsfonts/umsa.fd
File: umsa.fd 2002/01/19 v2.2g AMS font definitions
)
LaTeX Font Info:    Try loading font information for U+msb on input line 1123.

(/usr/share/texmf/tex/latex/amsfonts/umsb.fd
File: umsb.fd 2002/01/19 v2.2g AMS font definitions
)
\Slashbox=\box31
) (entcsmacro.sty)
(/usr/share/texmf/tex/latex/amsmath/amsmath.sty
Package: amsmath 2000/07/18 v2.13 AMS math features
\@mathmargin=\skip44

For additional information on amsmath, use the `?' option.
(/usr/share/texmf/tex/latex/amsmath/amstext.sty
Package: amstext 2000/06/29 v2.01

(/usr/share/texmf/tex/latex/amsmath/amsgen.sty
File: amsgen.sty 1999/11/30 v2.0
\@emptytoks=\toks23
\ex@=\dimen116
))
(/usr/share/texmf/tex/latex/amsmath/amsbsy.sty
Package: amsbsy 1999/11/29 v1.2d
\pmbraise@=\dimen117
)
(/usr/share/texmf/tex/latex/amsmath/amsopn.sty
Package: amsopn 1999/12/14 v2.01 operator names
LaTeX Info: Redefining \operatorname on input line 58.
)
\inf@bad=\count112
LaTeX Info: Redefining \frac on input line 211.
\uproot@=\count113
\leftroot@=\count114
LaTeX Info: Redefining \overline on input line 307.
\classnum@=\count115
\DOTSCASE@=\count116
LaTeX Info: Redefining \ldots on input line 379.
LaTeX Info: Redefining \dots on input line 382.
LaTeX Info: Redefining \cdots on input line 467.
\Mathstrutbox@=\box32
\strutbox@=\box33
\big@size=\dimen118
LaTeX Font Info:    Redeclaring font encoding OML on input line 567.
LaTeX Font Info:    Redeclaring font encoding OMS on input line 568.
\macc@depth=\count117
\c@MaxMatrixCols=\count118
\dotsspace@=\muskip10
\c@parentequation=\count119
\dspbrk@lvl=\count120
\tag@help=\toks24
\row@=\count121
\column@=\count122
\maxfields@=\count123
\andhelp@=\toks25
\eqnshift@=\dimen119
\alignsep@=\dimen120
\tagshift@=\dimen121
\tagwidth@=\dimen122
\totwidth@=\dimen123
\lineht@=\dimen124
\@envbody=\toks26
\multlinegap=\skip45
\multlinetaggap=\skip46
\mathdisplay@stack=\toks27
LaTeX Info: Redefining \[ on input line 2666.
LaTeX Info: Redefining \] on input line 2667.
) (corin.aux

LaTeX Warning: Label `procedure' multiply defined.

)
\openout1 = `corin.aux'.

LaTeX Font Info:    Checking defaults for OML/cmm/m/it on input line 15.
LaTeX Font Info:    ... okay on input line 15.
LaTeX Font Info:    Checking defaults for T1/cmr/m/n on input line 15.
LaTeX Font Info:    ... okay on input line 15.
LaTeX Font Info:    Checking defaults for OT1/cmr/m/n on input line 15.
LaTeX Font Info:    ... okay on input line 15.
LaTeX Font Info:    Checking defaults for OMS/cmsy/m/n on input line 15.
LaTeX Font Info:    ... okay on input line 15.
LaTeX Font Info:    Checking defaults for OMX/cmex/m/n on input line 15.
LaTeX Font Info:    ... okay on input line 15.
LaTeX Font Info:    Checking defaults for U/cmr/m/n on input line 15.
LaTeX Font Info:    ... okay on input line 15.
LaTeX Font Info:    Checking defaults for PD1/pdf/m/n on input line 15.
LaTeX Font Info:    ... okay on input line 15.
 (/usr/share/texmf/tex/latex/graphics/color.sty
Package: color 1999/02/16 v1.0i Standard LaTeX Color (DPC)

(/usr/share/texmf/tex/latex/config/color.cfg)
Package color Info: Driver file: dvips.def on input line 125.

(/usr/share/texmf/tex/latex/graphics/dvips.def
File: dvips.def 1999/02/16 v3.0i Driver-dependant file (DPC,SPQR)
)
(/usr/share/texmf/tex/latex/graphics/dvipsnam.def
File: dvipsnam.def 1999/02/16 v3.0i Driver-dependant file (DPC,SPQR)
))
Package hyperref Info: Link coloring ON on input line 15.

(/usr/share/texmf/tex/latex/hyperref/nameref.sty
Package: nameref 2001/01/27 v2.19 Cross-referencing by name of section
\c@section@level=\count124
)
LaTeX Info: Redefining \ref on input line 15.
LaTeX Info: Redefining \pageref on input line 15.
 (corin.out) (corin.out)
\openout3 = `corin.out'.

\c@sv@footnote=\count125
LaTeX Font Info:    Try loading font information for OMS+cmtt on input line 53.

LaTeX Font Info:    No file OMScmtt.fd. on input line 53.


LaTeX Font Warning: Font shape `OMS/cmtt/m/n' undefined
(Font)              using `OMS/cmsy/m/n' instead
(Font)              for symbol `textbraceleft' on input line 53.


Underfull \hbox (badness 10000) has occurred while \output is active

 []


Overfull \vbox (6.55998pt too high) has occurred while \output is active []


Overfull \hbox (2.43333pt too wide) has occurred while \output is active
 []
 []

[1] [2] [3]
Underfull \hbox (badness 10000) in paragraph at lines 243--244

 []


Underfull \hbox (badness 10000) in paragraph at lines 245--250

 []

[4] [5] [6]
Underfull \hbox (badness 10000) in paragraph at lines 443--445

 []


Underfull \hbox (badness 10000) in paragraph at lines 446--452

 []

[7]
Underfull \hbox (badness 10000) in paragraph at lines 497--503

 []


Underfull \hbox (badness 10000) in paragraph at lines 504--510

 []

[8]
Underfull \hbox (badness 10000) in paragraph at lines 556--568

 []


Underfull \hbox (badness 10000) in paragraph at lines 569--573

 []


Underfull \hbox (badness 10000) in paragraph at lines 574--580

 []

[9]
Overfull \hbox (12.51134pt too wide) in paragraph at lines 643--679
 [][] 
 []


LaTeX Warning: `h' float specifier changed to `ht'.

[10] [11] [12] [13] [14] (corin.aux)

LaTeX Font Warning: Some font shapes were not available, defaults substituted.


LaTeX Warning: There were multiply-defined labels.

 ) 
Here is how much of TeX's memory you used:
 3521 strings out of 20880
 43013 string characters out of 196184
 104217 words of memory out of 350001
 6448 multiletter control sequences out of 10000+15000
 21772 words of font info for 90 fonts, out of 400000 for 1000
 14 hyphenation exceptions out of 10000
 32i,13n,36p,324b,565s stack positions out of 3000i,100n,1500p,50000b,4000s

Output written on corin.dvi (14 pages, 88664 bytes).
